[2024-12-01T12:12:50.353+0000] {taskinstance.py:1083} INFO - Dependencies all met for <TaskInstance: car_price_prediction.welcome scheduled__2023-01-23T15:00:00+00:00 [queued]>
[2024-12-01T12:12:50.366+0000] {taskinstance.py:1083} INFO - Dependencies all met for <TaskInstance: car_price_prediction.welcome scheduled__2023-01-23T15:00:00+00:00 [queued]>
[2024-12-01T12:12:50.366+0000] {taskinstance.py:1279} INFO - 
--------------------------------------------------------------------------------
[2024-12-01T12:12:50.368+0000] {taskinstance.py:1280} INFO - Starting attempt 1 of 2
[2024-12-01T12:12:50.369+0000] {taskinstance.py:1281} INFO - 
--------------------------------------------------------------------------------
[2024-12-01T12:12:50.390+0000] {taskinstance.py:1300} INFO - Executing <Task(BashOperator): welcome> on 2023-01-23 15:00:00+00:00
[2024-12-01T12:12:50.399+0000] {standard_task_runner.py:55} INFO - Started process 924 to run task
[2024-12-01T12:12:50.402+0000] {standard_task_runner.py:82} INFO - Running: ['***', 'tasks', 'run', 'car_price_prediction', 'welcome', 'scheduled__2023-01-23T15:00:00+00:00', '--job-id', '851', '--raw', '--subdir', 'DAGS_FOLDER/hw_dag.py', '--cfg-path', '/tmp/tmpv8870b0k']
[2024-12-01T12:12:50.404+0000] {standard_task_runner.py:83} INFO - Job 851: Subtask welcome
[2024-12-01T12:12:50.482+0000] {task_command.py:388} INFO - Running <TaskInstance: car_price_prediction.welcome scheduled__2023-01-23T15:00:00+00:00 [running]> on host 88c3fb750b90
[2024-12-01T12:12:50.604+0000] {taskinstance.py:1509} INFO - Exporting the following env vars:
AIRFLOW_CTX_DAG_OWNER=***
AIRFLOW_CTX_DAG_ID=car_price_prediction
AIRFLOW_CTX_TASK_ID=welcome
AIRFLOW_CTX_EXECUTION_DATE=2023-01-23T15:00:00+00:00
AIRFLOW_CTX_TRY_NUMBER=1
AIRFLOW_CTX_DAG_RUN_ID=scheduled__2023-01-23T15:00:00+00:00
[2024-12-01T12:12:50.609+0000] {subprocess.py:63} INFO - Tmp dir root location: 
 /tmp
[2024-12-01T12:12:50.610+0000] {subprocess.py:75} INFO - Running command: ['/bin/bash', '-c', 'echo "welcome!"']
[2024-12-01T12:12:50.643+0000] {subprocess.py:86} INFO - Output:
[2024-12-01T12:12:50.644+0000] {subprocess.py:93} INFO - welcome!
[2024-12-01T12:12:50.644+0000] {subprocess.py:97} INFO - Command exited with return code 0
[2024-12-01T12:12:50.685+0000] {taskinstance.py:1323} INFO - Marking task as SUCCESS. dag_id=car_price_prediction, task_id=welcome, execution_date=20230123T150000, start_date=20241201T121250, end_date=20241201T121250
[2024-12-01T12:12:50.736+0000] {local_task_job.py:208} INFO - Task exited with return code 0
[2024-12-01T12:12:50.886+0000] {taskinstance.py:2578} INFO - 0 downstream tasks scheduled from follow-on schedule check
