[2024-12-01T11:09:59.640+0000] {taskinstance.py:1083} INFO - Dependencies all met for <TaskInstance: car_price_prediction.welcome manual__2024-12-01T11:08:50.009288+00:00 [queued]>
[2024-12-01T11:09:59.645+0000] {taskinstance.py:1083} INFO - Dependencies all met for <TaskInstance: car_price_prediction.welcome manual__2024-12-01T11:08:50.009288+00:00 [queued]>
[2024-12-01T11:09:59.645+0000] {taskinstance.py:1279} INFO - 
--------------------------------------------------------------------------------
[2024-12-01T11:09:59.646+0000] {taskinstance.py:1280} INFO - Starting attempt 1 of 2
[2024-12-01T11:09:59.646+0000] {taskinstance.py:1281} INFO - 
--------------------------------------------------------------------------------
[2024-12-01T11:09:59.654+0000] {taskinstance.py:1300} INFO - Executing <Task(BashOperator): welcome> on 2024-12-01 11:08:50.009288+00:00
[2024-12-01T11:09:59.658+0000] {standard_task_runner.py:55} INFO - Started process 1187 to run task
[2024-12-01T11:09:59.660+0000] {standard_task_runner.py:82} INFO - Running: ['***', 'tasks', 'run', 'car_price_prediction', 'welcome', 'manual__2024-12-01T11:08:50.009288+00:00', '--job-id', '57', '--raw', '--subdir', 'DAGS_FOLDER/hw_dag.py', '--cfg-path', '/tmp/tmp7cgacxr9']
[2024-12-01T11:09:59.661+0000] {standard_task_runner.py:83} INFO - Job 57: Subtask welcome
[2024-12-01T11:09:59.696+0000] {task_command.py:388} INFO - Running <TaskInstance: car_price_prediction.welcome manual__2024-12-01T11:08:50.009288+00:00 [running]> on host 88c3fb750b90
[2024-12-01T11:09:59.734+0000] {taskinstance.py:1509} INFO - Exporting the following env vars:
AIRFLOW_CTX_DAG_OWNER=***
AIRFLOW_CTX_DAG_ID=car_price_prediction
AIRFLOW_CTX_TASK_ID=welcome
AIRFLOW_CTX_EXECUTION_DATE=2024-12-01T11:08:50.009288+00:00
AIRFLOW_CTX_TRY_NUMBER=1
AIRFLOW_CTX_DAG_RUN_ID=manual__2024-12-01T11:08:50.009288+00:00
[2024-12-01T11:09:59.735+0000] {subprocess.py:63} INFO - Tmp dir root location: 
 /tmp
[2024-12-01T11:09:59.735+0000] {subprocess.py:75} INFO - Running command: ['/bin/bash', '-c', 'echo "welcome!"']
[2024-12-01T11:09:59.746+0000] {subprocess.py:86} INFO - Output:
[2024-12-01T11:09:59.750+0000] {subprocess.py:93} INFO - welcome!
[2024-12-01T11:09:59.751+0000] {subprocess.py:97} INFO - Command exited with return code 0
[2024-12-01T11:09:59.765+0000] {taskinstance.py:1323} INFO - Marking task as SUCCESS. dag_id=car_price_prediction, task_id=welcome, execution_date=20241201T110850, start_date=20241201T110959, end_date=20241201T110959
[2024-12-01T11:09:59.791+0000] {local_task_job.py:208} INFO - Task exited with return code 0
[2024-12-01T11:09:59.809+0000] {taskinstance.py:2578} INFO - 1 downstream tasks scheduled from follow-on schedule check
