[2024-12-01T11:30:08.731+0000] {taskinstance.py:1083} INFO - Dependencies all met for <TaskInstance: car_price_prediction.welcome scheduled__2022-11-15T15:00:00+00:00 [queued]>
[2024-12-01T11:30:08.741+0000] {taskinstance.py:1083} INFO - Dependencies all met for <TaskInstance: car_price_prediction.welcome scheduled__2022-11-15T15:00:00+00:00 [queued]>
[2024-12-01T11:30:08.742+0000] {taskinstance.py:1279} INFO - 
--------------------------------------------------------------------------------
[2024-12-01T11:30:08.742+0000] {taskinstance.py:1280} INFO - Starting attempt 1 of 2
[2024-12-01T11:30:08.743+0000] {taskinstance.py:1281} INFO - 
--------------------------------------------------------------------------------
[2024-12-01T11:30:08.773+0000] {taskinstance.py:1300} INFO - Executing <Task(BashOperator): welcome> on 2022-11-15 15:00:00+00:00
[2024-12-01T11:30:08.782+0000] {standard_task_runner.py:55} INFO - Started process 610 to run task
[2024-12-01T11:30:08.790+0000] {standard_task_runner.py:82} INFO - Running: ['***', 'tasks', 'run', 'car_price_prediction', 'welcome', 'scheduled__2022-11-15T15:00:00+00:00', '--job-id', '577', '--raw', '--subdir', 'DAGS_FOLDER/hw_dag.py', '--cfg-path', '/tmp/tmpx1otc74b']
[2024-12-01T11:30:08.793+0000] {standard_task_runner.py:83} INFO - Job 577: Subtask welcome
[2024-12-01T11:30:08.939+0000] {task_command.py:388} INFO - Running <TaskInstance: car_price_prediction.welcome scheduled__2022-11-15T15:00:00+00:00 [running]> on host 88c3fb750b90
[2024-12-01T11:30:09.035+0000] {taskinstance.py:1509} INFO - Exporting the following env vars:
AIRFLOW_CTX_DAG_OWNER=***
AIRFLOW_CTX_DAG_ID=car_price_prediction
AIRFLOW_CTX_TASK_ID=welcome
AIRFLOW_CTX_EXECUTION_DATE=2022-11-15T15:00:00+00:00
AIRFLOW_CTX_TRY_NUMBER=1
AIRFLOW_CTX_DAG_RUN_ID=scheduled__2022-11-15T15:00:00+00:00
[2024-12-01T11:30:09.039+0000] {subprocess.py:63} INFO - Tmp dir root location: 
 /tmp
[2024-12-01T11:30:09.046+0000] {subprocess.py:75} INFO - Running command: ['/bin/bash', '-c', 'echo "welcome!"']
[2024-12-01T11:30:09.068+0000] {subprocess.py:86} INFO - Output:
[2024-12-01T11:30:09.073+0000] {subprocess.py:93} INFO - welcome!
[2024-12-01T11:30:09.074+0000] {subprocess.py:97} INFO - Command exited with return code 0
[2024-12-01T11:30:09.145+0000] {taskinstance.py:1323} INFO - Marking task as SUCCESS. dag_id=car_price_prediction, task_id=welcome, execution_date=20221115T150000, start_date=20241201T113008, end_date=20241201T113009
[2024-12-01T11:30:09.294+0000] {local_task_job.py:208} INFO - Task exited with return code 0
[2024-12-01T11:30:09.362+0000] {taskinstance.py:2578} INFO - 1 downstream tasks scheduled from follow-on schedule check
