[2024-12-01T11:26:53.088+0000] {taskinstance.py:1083} INFO - Dependencies all met for <TaskInstance: car_price_prediction.welcome scheduled__2022-10-20T15:00:00+00:00 [queued]>
[2024-12-01T11:26:53.094+0000] {taskinstance.py:1083} INFO - Dependencies all met for <TaskInstance: car_price_prediction.welcome scheduled__2022-10-20T15:00:00+00:00 [queued]>
[2024-12-01T11:26:53.094+0000] {taskinstance.py:1279} INFO - 
--------------------------------------------------------------------------------
[2024-12-01T11:26:53.095+0000] {taskinstance.py:1280} INFO - Starting attempt 1 of 2
[2024-12-01T11:26:53.095+0000] {taskinstance.py:1281} INFO - 
--------------------------------------------------------------------------------
[2024-12-01T11:26:53.104+0000] {taskinstance.py:1300} INFO - Executing <Task(BashOperator): welcome> on 2022-10-20 15:00:00+00:00
[2024-12-01T11:26:53.109+0000] {standard_task_runner.py:55} INFO - Started process 1508 to run task
[2024-12-01T11:26:53.112+0000] {standard_task_runner.py:82} INFO - Running: ['***', 'tasks', 'run', 'car_price_prediction', 'welcome', 'scheduled__2022-10-20T15:00:00+00:00', '--job-id', '501', '--raw', '--subdir', 'DAGS_FOLDER/hw_dag.py', '--cfg-path', '/tmp/tmpl9e9uylt']
[2024-12-01T11:26:53.113+0000] {standard_task_runner.py:83} INFO - Job 501: Subtask welcome
[2024-12-01T11:26:53.164+0000] {task_command.py:388} INFO - Running <TaskInstance: car_price_prediction.welcome scheduled__2022-10-20T15:00:00+00:00 [running]> on host 88c3fb750b90
[2024-12-01T11:26:53.235+0000] {taskinstance.py:1509} INFO - Exporting the following env vars:
AIRFLOW_CTX_DAG_OWNER=***
AIRFLOW_CTX_DAG_ID=car_price_prediction
AIRFLOW_CTX_TASK_ID=welcome
AIRFLOW_CTX_EXECUTION_DATE=2022-10-20T15:00:00+00:00
AIRFLOW_CTX_TRY_NUMBER=1
AIRFLOW_CTX_DAG_RUN_ID=scheduled__2022-10-20T15:00:00+00:00
[2024-12-01T11:26:53.237+0000] {subprocess.py:63} INFO - Tmp dir root location: 
 /tmp
[2024-12-01T11:26:53.238+0000] {subprocess.py:75} INFO - Running command: ['/bin/bash', '-c', 'echo "welcome!"']
[2024-12-01T11:26:53.253+0000] {subprocess.py:86} INFO - Output:
[2024-12-01T11:26:53.256+0000] {subprocess.py:93} INFO - welcome!
[2024-12-01T11:26:53.256+0000] {subprocess.py:97} INFO - Command exited with return code 0
[2024-12-01T11:26:53.276+0000] {taskinstance.py:1323} INFO - Marking task as SUCCESS. dag_id=car_price_prediction, task_id=welcome, execution_date=20221020T150000, start_date=20241201T112653, end_date=20241201T112653
[2024-12-01T11:26:53.324+0000] {local_task_job.py:208} INFO - Task exited with return code 0
[2024-12-01T11:26:53.345+0000] {taskinstance.py:2578} INFO - 1 downstream tasks scheduled from follow-on schedule check
