[2024-12-01T11:21:16.521+0000] {taskinstance.py:1083} INFO - Dependencies all met for <TaskInstance: car_price_prediction.welcome scheduled__2022-09-07T15:00:00+00:00 [queued]>
[2024-12-01T11:21:16.532+0000] {taskinstance.py:1083} INFO - Dependencies all met for <TaskInstance: car_price_prediction.welcome scheduled__2022-09-07T15:00:00+00:00 [queued]>
[2024-12-01T11:21:16.532+0000] {taskinstance.py:1279} INFO - 
--------------------------------------------------------------------------------
[2024-12-01T11:21:16.533+0000] {taskinstance.py:1280} INFO - Starting attempt 1 of 2
[2024-12-01T11:21:16.533+0000] {taskinstance.py:1281} INFO - 
--------------------------------------------------------------------------------
[2024-12-01T11:21:16.548+0000] {taskinstance.py:1300} INFO - Executing <Task(BashOperator): welcome> on 2022-09-07 15:00:00+00:00
[2024-12-01T11:21:16.557+0000] {standard_task_runner.py:55} INFO - Started process 555 to run task
[2024-12-01T11:21:16.560+0000] {standard_task_runner.py:82} INFO - Running: ['***', 'tasks', 'run', 'car_price_prediction', 'welcome', 'scheduled__2022-09-07T15:00:00+00:00', '--job-id', '335', '--raw', '--subdir', 'DAGS_FOLDER/hw_dag.py', '--cfg-path', '/tmp/tmpbhnom7bx']
[2024-12-01T11:21:16.562+0000] {standard_task_runner.py:83} INFO - Job 335: Subtask welcome
[2024-12-01T11:21:16.626+0000] {task_command.py:388} INFO - Running <TaskInstance: car_price_prediction.welcome scheduled__2022-09-07T15:00:00+00:00 [running]> on host 88c3fb750b90
[2024-12-01T11:21:16.715+0000] {taskinstance.py:1509} INFO - Exporting the following env vars:
AIRFLOW_CTX_DAG_OWNER=***
AIRFLOW_CTX_DAG_ID=car_price_prediction
AIRFLOW_CTX_TASK_ID=welcome
AIRFLOW_CTX_EXECUTION_DATE=2022-09-07T15:00:00+00:00
AIRFLOW_CTX_TRY_NUMBER=1
AIRFLOW_CTX_DAG_RUN_ID=scheduled__2022-09-07T15:00:00+00:00
[2024-12-01T11:21:16.720+0000] {subprocess.py:63} INFO - Tmp dir root location: 
 /tmp
[2024-12-01T11:21:16.724+0000] {subprocess.py:75} INFO - Running command: ['/bin/bash', '-c', 'echo "welcome!"']
[2024-12-01T11:21:16.757+0000] {subprocess.py:86} INFO - Output:
[2024-12-01T11:21:16.762+0000] {subprocess.py:93} INFO - welcome!
[2024-12-01T11:21:16.763+0000] {subprocess.py:97} INFO - Command exited with return code 0
[2024-12-01T11:21:16.803+0000] {taskinstance.py:1323} INFO - Marking task as SUCCESS. dag_id=car_price_prediction, task_id=welcome, execution_date=20220907T150000, start_date=20241201T112116, end_date=20241201T112116
[2024-12-01T11:21:16.856+0000] {local_task_job.py:208} INFO - Task exited with return code 0
[2024-12-01T11:21:16.952+0000] {taskinstance.py:2578} INFO - 0 downstream tasks scheduled from follow-on schedule check
