[2024-12-01T12:12:51.224+0000] {taskinstance.py:1083} INFO - Dependencies all met for <TaskInstance: car_price_prediction.welcome scheduled__2023-01-27T15:00:00+00:00 [queued]>
[2024-12-01T12:12:51.236+0000] {taskinstance.py:1083} INFO - Dependencies all met for <TaskInstance: car_price_prediction.welcome scheduled__2023-01-27T15:00:00+00:00 [queued]>
[2024-12-01T12:12:51.236+0000] {taskinstance.py:1279} INFO - 
--------------------------------------------------------------------------------
[2024-12-01T12:12:51.236+0000] {taskinstance.py:1280} INFO - Starting attempt 1 of 2
[2024-12-01T12:12:51.237+0000] {taskinstance.py:1281} INFO - 
--------------------------------------------------------------------------------
[2024-12-01T12:12:51.250+0000] {taskinstance.py:1300} INFO - Executing <Task(BashOperator): welcome> on 2023-01-27 15:00:00+00:00
[2024-12-01T12:12:51.258+0000] {standard_task_runner.py:55} INFO - Started process 943 to run task
[2024-12-01T12:12:51.261+0000] {standard_task_runner.py:82} INFO - Running: ['***', 'tasks', 'run', 'car_price_prediction', 'welcome', 'scheduled__2023-01-27T15:00:00+00:00', '--job-id', '855', '--raw', '--subdir', 'DAGS_FOLDER/hw_dag.py', '--cfg-path', '/tmp/tmpbz_18_ag']
[2024-12-01T12:12:51.262+0000] {standard_task_runner.py:83} INFO - Job 855: Subtask welcome
[2024-12-01T12:12:51.347+0000] {task_command.py:388} INFO - Running <TaskInstance: car_price_prediction.welcome scheduled__2023-01-27T15:00:00+00:00 [running]> on host 88c3fb750b90
[2024-12-01T12:12:51.455+0000] {taskinstance.py:1509} INFO - Exporting the following env vars:
AIRFLOW_CTX_DAG_OWNER=***
AIRFLOW_CTX_DAG_ID=car_price_prediction
AIRFLOW_CTX_TASK_ID=welcome
AIRFLOW_CTX_EXECUTION_DATE=2023-01-27T15:00:00+00:00
AIRFLOW_CTX_TRY_NUMBER=1
AIRFLOW_CTX_DAG_RUN_ID=scheduled__2023-01-27T15:00:00+00:00
[2024-12-01T12:12:51.457+0000] {subprocess.py:63} INFO - Tmp dir root location: 
 /tmp
[2024-12-01T12:12:51.458+0000] {subprocess.py:75} INFO - Running command: ['/bin/bash', '-c', 'echo "welcome!"']
[2024-12-01T12:12:51.482+0000] {subprocess.py:86} INFO - Output:
[2024-12-01T12:12:51.483+0000] {subprocess.py:93} INFO - welcome!
[2024-12-01T12:12:51.484+0000] {subprocess.py:97} INFO - Command exited with return code 0
[2024-12-01T12:12:51.518+0000] {taskinstance.py:1323} INFO - Marking task as SUCCESS. dag_id=car_price_prediction, task_id=welcome, execution_date=20230127T150000, start_date=20241201T121251, end_date=20241201T121251
[2024-12-01T12:12:51.554+0000] {local_task_job.py:208} INFO - Task exited with return code 0
[2024-12-01T12:12:51.739+0000] {taskinstance.py:2578} INFO - 0 downstream tasks scheduled from follow-on schedule check
