[2024-12-01T12:10:56.644+0000] {taskinstance.py:1083} INFO - Dependencies all met for <TaskInstance: car_price_prediction.pipeline scheduled__2023-01-10T15:00:00+00:00 [queued]>
[2024-12-01T12:10:56.663+0000] {taskinstance.py:1083} INFO - Dependencies all met for <TaskInstance: car_price_prediction.pipeline scheduled__2023-01-10T15:00:00+00:00 [queued]>
[2024-12-01T12:10:56.663+0000] {taskinstance.py:1279} INFO - 
--------------------------------------------------------------------------------
[2024-12-01T12:10:56.664+0000] {taskinstance.py:1280} INFO - Starting attempt 1 of 2
[2024-12-01T12:10:56.664+0000] {taskinstance.py:1281} INFO - 
--------------------------------------------------------------------------------
[2024-12-01T12:10:56.686+0000] {taskinstance.py:1300} INFO - Executing <Task(PythonOperator): pipeline> on 2023-01-10 15:00:00+00:00
[2024-12-01T12:10:56.696+0000] {standard_task_runner.py:55} INFO - Started process 596 to run task
[2024-12-01T12:10:56.709+0000] {standard_task_runner.py:82} INFO - Running: ['***', 'tasks', 'run', 'car_price_prediction', 'pipeline', 'scheduled__2023-01-10T15:00:00+00:00', '--job-id', '803', '--raw', '--subdir', 'DAGS_FOLDER/hw_dag.py', '--cfg-path', '/tmp/tmpibdtzi2s']
[2024-12-01T12:10:56.715+0000] {standard_task_runner.py:83} INFO - Job 803: Subtask pipeline
[2024-12-01T12:10:56.836+0000] {task_command.py:388} INFO - Running <TaskInstance: car_price_prediction.pipeline scheduled__2023-01-10T15:00:00+00:00 [running]> on host 88c3fb750b90
[2024-12-01T12:10:56.970+0000] {taskinstance.py:1509} INFO - Exporting the following env vars:
AIRFLOW_CTX_DAG_OWNER=***
AIRFLOW_CTX_DAG_ID=car_price_prediction
AIRFLOW_CTX_TASK_ID=pipeline
AIRFLOW_CTX_EXECUTION_DATE=2023-01-10T15:00:00+00:00
AIRFLOW_CTX_TRY_NUMBER=1
AIRFLOW_CTX_DAG_RUN_ID=scheduled__2023-01-10T15:00:00+00:00
[2024-12-01T12:10:58.668+0000] {pipeline.py:116} INFO - model: LogisticRegression, acc_mean: 0.7591, acc_std: 0.0075
[2024-12-01T12:11:17.496+0000] {pipeline.py:116} INFO - model: RandomForestClassifier, acc_mean: 0.7771, acc_std: 0.0043
[2024-12-01T12:11:33.017+0000] {pipeline.py:116} INFO - model: SVC, acc_mean: 0.7871, acc_std: 0.0042
[2024-12-01T12:11:33.021+0000] {pipeline.py:121} INFO - best model: SVC, accuracy: 0.7871
[2024-12-01T12:11:38.321+0000] {pipeline.py:129} INFO - Model is saved as /opt/***/data/models/cars_pipe_202412011211.pkl
[2024-12-01T12:11:38.325+0000] {python.py:177} INFO - Done. Returned value was: None
[2024-12-01T12:11:38.342+0000] {taskinstance.py:1323} INFO - Marking task as SUCCESS. dag_id=car_price_prediction, task_id=pipeline, execution_date=20230110T150000, start_date=20241201T121056, end_date=20241201T121138
[2024-12-01T12:11:38.482+0000] {local_task_job.py:208} INFO - Task exited with return code 0
[2024-12-01T12:11:38.553+0000] {taskinstance.py:2578} INFO - 1 downstream tasks scheduled from follow-on schedule check
