[2024-12-01T11:31:58.145+0000] {taskinstance.py:1083} INFO - Dependencies all met for <TaskInstance: car_price_prediction.pipeline manual__2024-12-01T11:30:57.933886+00:00 [queued]>
[2024-12-01T11:31:58.153+0000] {taskinstance.py:1083} INFO - Dependencies all met for <TaskInstance: car_price_prediction.pipeline manual__2024-12-01T11:30:57.933886+00:00 [queued]>
[2024-12-01T11:31:58.153+0000] {taskinstance.py:1279} INFO - 
--------------------------------------------------------------------------------
[2024-12-01T11:31:58.154+0000] {taskinstance.py:1280} INFO - Starting attempt 1 of 2
[2024-12-01T11:31:58.154+0000] {taskinstance.py:1281} INFO - 
--------------------------------------------------------------------------------
[2024-12-01T11:31:58.167+0000] {taskinstance.py:1300} INFO - Executing <Task(PythonOperator): pipeline> on 2024-12-01 11:30:57.933886+00:00
[2024-12-01T11:31:58.173+0000] {standard_task_runner.py:55} INFO - Started process 892 to run task
[2024-12-01T11:31:58.175+0000] {standard_task_runner.py:82} INFO - Running: ['***', 'tasks', 'run', 'car_price_prediction', 'pipeline', 'manual__2024-12-01T11:30:57.933886+00:00', '--job-id', '615', '--raw', '--subdir', 'DAGS_FOLDER/hw_dag.py', '--cfg-path', '/tmp/tmp2fw7k443']
[2024-12-01T11:31:58.177+0000] {standard_task_runner.py:83} INFO - Job 615: Subtask pipeline
[2024-12-01T11:31:58.237+0000] {task_command.py:388} INFO - Running <TaskInstance: car_price_prediction.pipeline manual__2024-12-01T11:30:57.933886+00:00 [running]> on host 88c3fb750b90
[2024-12-01T11:31:58.306+0000] {taskinstance.py:1509} INFO - Exporting the following env vars:
AIRFLOW_CTX_DAG_OWNER=***
AIRFLOW_CTX_DAG_ID=car_price_prediction
AIRFLOW_CTX_TASK_ID=pipeline
AIRFLOW_CTX_EXECUTION_DATE=2024-12-01T11:30:57.933886+00:00
AIRFLOW_CTX_TRY_NUMBER=1
AIRFLOW_CTX_DAG_RUN_ID=manual__2024-12-01T11:30:57.933886+00:00
[2024-12-01T11:31:59.107+0000] {pipeline.py:116} INFO - model: LogisticRegression, acc_mean: 0.7591, acc_std: 0.0075
[2024-12-01T11:32:14.289+0000] {pipeline.py:116} INFO - model: RandomForestClassifier, acc_mean: 0.7761, acc_std: 0.0036
[2024-12-01T11:32:28.703+0000] {pipeline.py:116} INFO - model: SVC, acc_mean: 0.7871, acc_std: 0.0042
[2024-12-01T11:32:28.707+0000] {pipeline.py:121} INFO - best model: SVC, accuracy: 0.7871
[2024-12-01T11:32:34.366+0000] {pipeline.py:129} INFO - Model is saved as /opt/***/data/models/cars_pipe_202412011132.pkl
[2024-12-01T11:32:34.370+0000] {python.py:177} INFO - Done. Returned value was: None
[2024-12-01T11:32:34.428+0000] {taskinstance.py:1323} INFO - Marking task as SUCCESS. dag_id=car_price_prediction, task_id=pipeline, execution_date=20241201T113057, start_date=20241201T113158, end_date=20241201T113234
[2024-12-01T11:32:34.574+0000] {local_task_job.py:208} INFO - Task exited with return code 0
[2024-12-01T11:32:34.627+0000] {taskinstance.py:2578} INFO - 1 downstream tasks scheduled from follow-on schedule check
