[2024-12-01T11:27:39.434+0000] {taskinstance.py:1083} INFO - Dependencies all met for <TaskInstance: car_price_prediction.predict scheduled__2022-10-13T15:00:00+00:00 [queued]>
[2024-12-01T11:27:39.450+0000] {taskinstance.py:1083} INFO - Dependencies all met for <TaskInstance: car_price_prediction.predict scheduled__2022-10-13T15:00:00+00:00 [queued]>
[2024-12-01T11:27:39.450+0000] {taskinstance.py:1279} INFO - 
--------------------------------------------------------------------------------
[2024-12-01T11:27:39.451+0000] {taskinstance.py:1280} INFO - Starting attempt 2 of 2
[2024-12-01T11:27:39.452+0000] {taskinstance.py:1281} INFO - 
--------------------------------------------------------------------------------
[2024-12-01T11:27:39.541+0000] {taskinstance.py:1300} INFO - Executing <Task(PythonOperator): predict> on 2022-10-13 15:00:00+00:00
[2024-12-01T11:27:39.551+0000] {standard_task_runner.py:55} INFO - Started process 123 to run task
[2024-12-01T11:27:39.560+0000] {standard_task_runner.py:82} INFO - Running: ['***', 'tasks', 'run', 'car_price_prediction', 'predict', 'scheduled__2022-10-13T15:00:00+00:00', '--job-id', '515', '--raw', '--subdir', 'DAGS_FOLDER/hw_dag.py', '--cfg-path', '/tmp/tmpoeghlf5m']
[2024-12-01T11:27:39.566+0000] {standard_task_runner.py:83} INFO - Job 515: Subtask predict
[2024-12-01T11:27:39.718+0000] {task_command.py:388} INFO - Running <TaskInstance: car_price_prediction.predict scheduled__2022-10-13T15:00:00+00:00 [running]> on host 88c3fb750b90
[2024-12-01T11:27:39.820+0000] {taskinstance.py:1509} INFO - Exporting the following env vars:
AIRFLOW_CTX_DAG_OWNER=***
AIRFLOW_CTX_DAG_ID=car_price_prediction
AIRFLOW_CTX_TASK_ID=predict
AIRFLOW_CTX_EXECUTION_DATE=2022-10-13T15:00:00+00:00
AIRFLOW_CTX_TRY_NUMBER=2
AIRFLOW_CTX_DAG_RUN_ID=scheduled__2022-10-13T15:00:00+00:00
[2024-12-01T11:27:39.824+0000] {taskinstance.py:1768} ERROR - Task failed with exception
Traceback (most recent call last):
  File "/home/airflow/.local/lib/python3.7/site-packages/airflow/operators/python.py", line 175, in execute
    return_value = self.execute_callable()
  File "/home/airflow/.local/lib/python3.7/site-packages/airflow/operators/python.py", line 192, in execute_callable
    return self.python_callable(*self.op_args, **self.op_kwargs)
  File "/opt/airflow/modules/predict.py", line 14, in predict
    with open(f'{path}/data/models/cars_pipe_202412011237.pkl', 'rb') as file:
FileNotFoundError: [Errno 2] No such file or directory: 'C:/Users/user/airflow_hw/data/models/cars_pipe_202412011237.pkl'
[2024-12-01T11:27:39.841+0000] {taskinstance.py:1323} INFO - Marking task as FAILED. dag_id=car_price_prediction, task_id=predict, execution_date=20221013T150000, start_date=20241201T112739, end_date=20241201T112739
[2024-12-01T11:27:39.857+0000] {standard_task_runner.py:105} ERROR - Failed to execute job 515 for task predict ([Errno 2] No such file or directory: 'C:/Users/user/airflow_hw/data/models/cars_pipe_202412011237.pkl'; 123)
[2024-12-01T11:27:39.902+0000] {local_task_job.py:208} INFO - Task exited with return code 1
[2024-12-01T11:27:39.921+0000] {taskinstance.py:2578} INFO - 0 downstream tasks scheduled from follow-on schedule check
