[2024-12-01T11:32:49.528+0000] {taskinstance.py:1083} INFO - Dependencies all met for <TaskInstance: car_price_prediction.pipeline scheduled__2022-12-03T15:00:00+00:00 [queued]>
[2024-12-01T11:32:49.537+0000] {taskinstance.py:1083} INFO - Dependencies all met for <TaskInstance: car_price_prediction.pipeline scheduled__2022-12-03T15:00:00+00:00 [queued]>
[2024-12-01T11:32:49.537+0000] {taskinstance.py:1279} INFO - 
--------------------------------------------------------------------------------
[2024-12-01T11:32:49.538+0000] {taskinstance.py:1280} INFO - Starting attempt 1 of 2
[2024-12-01T11:32:49.538+0000] {taskinstance.py:1281} INFO - 
--------------------------------------------------------------------------------
[2024-12-01T11:32:49.552+0000] {taskinstance.py:1300} INFO - Executing <Task(PythonOperator): pipeline> on 2022-12-03 15:00:00+00:00
[2024-12-01T11:32:49.559+0000] {standard_task_runner.py:55} INFO - Started process 1117 to run task
[2024-12-01T11:32:49.562+0000] {standard_task_runner.py:82} INFO - Running: ['***', 'tasks', 'run', 'car_price_prediction', 'pipeline', 'scheduled__2022-12-03T15:00:00+00:00', '--job-id', '657', '--raw', '--subdir', 'DAGS_FOLDER/hw_dag.py', '--cfg-path', '/tmp/tmpkg13s4m4']
[2024-12-01T11:32:49.564+0000] {standard_task_runner.py:83} INFO - Job 657: Subtask pipeline
[2024-12-01T11:32:49.633+0000] {task_command.py:388} INFO - Running <TaskInstance: car_price_prediction.pipeline scheduled__2022-12-03T15:00:00+00:00 [running]> on host 88c3fb750b90
[2024-12-01T11:32:49.709+0000] {taskinstance.py:1509} INFO - Exporting the following env vars:
AIRFLOW_CTX_DAG_OWNER=***
AIRFLOW_CTX_DAG_ID=car_price_prediction
AIRFLOW_CTX_TASK_ID=pipeline
AIRFLOW_CTX_EXECUTION_DATE=2022-12-03T15:00:00+00:00
AIRFLOW_CTX_TRY_NUMBER=1
AIRFLOW_CTX_DAG_RUN_ID=scheduled__2022-12-03T15:00:00+00:00
[2024-12-01T11:32:50.943+0000] {pipeline.py:116} INFO - model: LogisticRegression, acc_mean: 0.7591, acc_std: 0.0075
[2024-12-01T11:33:00.850+0000] {pipeline.py:116} INFO - model: RandomForestClassifier, acc_mean: 0.7761, acc_std: 0.0036
[2024-12-01T11:33:07.570+0000] {pipeline.py:116} INFO - model: SVC, acc_mean: 0.7871, acc_std: 0.0042
[2024-12-01T11:33:07.570+0000] {pipeline.py:121} INFO - best model: SVC, accuracy: 0.7871
[2024-12-01T11:33:10.039+0000] {pipeline.py:129} INFO - Model is saved as /opt/***/data/models/cars_pipe_202412011133.pkl
[2024-12-01T11:33:10.041+0000] {python.py:177} INFO - Done. Returned value was: None
[2024-12-01T11:33:10.049+0000] {taskinstance.py:1323} INFO - Marking task as SUCCESS. dag_id=car_price_prediction, task_id=pipeline, execution_date=20221203T150000, start_date=20241201T113249, end_date=20241201T113310
[2024-12-01T11:33:10.088+0000] {local_task_job.py:208} INFO - Task exited with return code 0
[2024-12-01T11:33:10.102+0000] {taskinstance.py:2578} INFO - 1 downstream tasks scheduled from follow-on schedule check
