[2024-12-01T11:34:06.825+0000] {taskinstance.py:1083} INFO - Dependencies all met for <TaskInstance: car_price_prediction.pipeline scheduled__2022-12-10T15:00:00+00:00 [queued]>
[2024-12-01T11:34:06.839+0000] {taskinstance.py:1083} INFO - Dependencies all met for <TaskInstance: car_price_prediction.pipeline scheduled__2022-12-10T15:00:00+00:00 [queued]>
[2024-12-01T11:34:06.839+0000] {taskinstance.py:1279} INFO - 
--------------------------------------------------------------------------------
[2024-12-01T11:34:06.841+0000] {taskinstance.py:1280} INFO - Starting attempt 1 of 2
[2024-12-01T11:34:06.841+0000] {taskinstance.py:1281} INFO - 
--------------------------------------------------------------------------------
[2024-12-01T11:34:06.868+0000] {taskinstance.py:1300} INFO - Executing <Task(PythonOperator): pipeline> on 2022-12-10 15:00:00+00:00
[2024-12-01T11:34:06.878+0000] {standard_task_runner.py:55} INFO - Started process 1386 to run task
[2024-12-01T11:34:06.882+0000] {standard_task_runner.py:82} INFO - Running: ['***', 'tasks', 'run', 'car_price_prediction', 'pipeline', 'scheduled__2022-12-10T15:00:00+00:00', '--job-id', '702', '--raw', '--subdir', 'DAGS_FOLDER/hw_dag.py', '--cfg-path', '/tmp/tmp0t0ph4s6']
[2024-12-01T11:34:06.893+0000] {standard_task_runner.py:83} INFO - Job 702: Subtask pipeline
[2024-12-01T11:34:06.979+0000] {task_command.py:388} INFO - Running <TaskInstance: car_price_prediction.pipeline scheduled__2022-12-10T15:00:00+00:00 [running]> on host 88c3fb750b90
[2024-12-01T11:34:07.106+0000] {taskinstance.py:1509} INFO - Exporting the following env vars:
AIRFLOW_CTX_DAG_OWNER=***
AIRFLOW_CTX_DAG_ID=car_price_prediction
AIRFLOW_CTX_TASK_ID=pipeline
AIRFLOW_CTX_EXECUTION_DATE=2022-12-10T15:00:00+00:00
AIRFLOW_CTX_TRY_NUMBER=1
AIRFLOW_CTX_DAG_RUN_ID=scheduled__2022-12-10T15:00:00+00:00
[2024-12-01T11:34:09.333+0000] {pipeline.py:116} INFO - model: LogisticRegression, acc_mean: 0.7591, acc_std: 0.0075
[2024-12-01T11:34:26.956+0000] {pipeline.py:116} INFO - model: RandomForestClassifier, acc_mean: 0.7761, acc_std: 0.0036
[2024-12-01T11:34:42.100+0000] {pipeline.py:116} INFO - model: SVC, acc_mean: 0.7871, acc_std: 0.0042
[2024-12-01T11:34:42.103+0000] {pipeline.py:121} INFO - best model: SVC, accuracy: 0.7871
