[2024-12-01T12:35:34.416+0000] {taskinstance.py:1083} INFO - Dependencies all met for <TaskInstance: car_price_prediction.welcome scheduled__2023-02-27T15:00:00+00:00 [queued]>
[2024-12-01T12:35:34.429+0000] {taskinstance.py:1083} INFO - Dependencies all met for <TaskInstance: car_price_prediction.welcome scheduled__2023-02-27T15:00:00+00:00 [queued]>
[2024-12-01T12:35:34.429+0000] {taskinstance.py:1279} INFO - 
--------------------------------------------------------------------------------
[2024-12-01T12:35:34.431+0000] {taskinstance.py:1280} INFO - Starting attempt 1 of 2
[2024-12-01T12:35:34.432+0000] {taskinstance.py:1281} INFO - 
--------------------------------------------------------------------------------
[2024-12-01T12:35:34.459+0000] {taskinstance.py:1300} INFO - Executing <Task(BashOperator): welcome> on 2023-02-27 15:00:00+00:00
[2024-12-01T12:35:34.469+0000] {standard_task_runner.py:55} INFO - Started process 659 to run task
[2024-12-01T12:35:34.473+0000] {standard_task_runner.py:82} INFO - Running: ['***', 'tasks', 'run', 'car_price_prediction', 'welcome', 'scheduled__2023-02-27T15:00:00+00:00', '--job-id', '978', '--raw', '--subdir', 'DAGS_FOLDER/hw_dag.py', '--cfg-path', '/tmp/tmpo91e4no5']
[2024-12-01T12:35:34.475+0000] {standard_task_runner.py:83} INFO - Job 978: Subtask welcome
[2024-12-01T12:35:34.577+0000] {task_command.py:388} INFO - Running <TaskInstance: car_price_prediction.welcome scheduled__2023-02-27T15:00:00+00:00 [running]> on host 044f1589013e
[2024-12-01T12:35:34.693+0000] {taskinstance.py:1509} INFO - Exporting the following env vars:
AIRFLOW_CTX_DAG_OWNER=***
AIRFLOW_CTX_DAG_ID=car_price_prediction
AIRFLOW_CTX_TASK_ID=welcome
AIRFLOW_CTX_EXECUTION_DATE=2023-02-27T15:00:00+00:00
AIRFLOW_CTX_TRY_NUMBER=1
AIRFLOW_CTX_DAG_RUN_ID=scheduled__2023-02-27T15:00:00+00:00
[2024-12-01T12:35:34.695+0000] {subprocess.py:63} INFO - Tmp dir root location: 
 /tmp
[2024-12-01T12:35:34.696+0000] {subprocess.py:75} INFO - Running command: ['/bin/bash', '-c', 'echo "welcome!"']
[2024-12-01T12:35:34.714+0000] {subprocess.py:86} INFO - Output:
[2024-12-01T12:35:34.716+0000] {subprocess.py:93} INFO - welcome!
[2024-12-01T12:35:34.717+0000] {subprocess.py:97} INFO - Command exited with return code 0
[2024-12-01T12:35:34.747+0000] {taskinstance.py:1323} INFO - Marking task as SUCCESS. dag_id=car_price_prediction, task_id=welcome, execution_date=20230227T150000, start_date=20241201T123534, end_date=20241201T123534
[2024-12-01T12:35:34.806+0000] {local_task_job.py:208} INFO - Task exited with return code 0
[2024-12-01T12:35:35.036+0000] {taskinstance.py:2578} INFO - 1 downstream tasks scheduled from follow-on schedule check
