[2024-12-01T11:34:39.080+0000] {taskinstance.py:1083} INFO - Dependencies all met for <TaskInstance: car_price_prediction.welcome scheduled__2022-12-18T15:00:00+00:00 [queued]>
[2024-12-01T11:34:39.105+0000] {taskinstance.py:1083} INFO - Dependencies all met for <TaskInstance: car_price_prediction.welcome scheduled__2022-12-18T15:00:00+00:00 [queued]>
[2024-12-01T11:34:39.106+0000] {taskinstance.py:1279} INFO - 
--------------------------------------------------------------------------------
[2024-12-01T11:34:39.107+0000] {taskinstance.py:1280} INFO - Starting attempt 1 of 2
[2024-12-01T11:34:39.107+0000] {taskinstance.py:1281} INFO - 
--------------------------------------------------------------------------------
[2024-12-01T11:34:39.138+0000] {taskinstance.py:1300} INFO - Executing <Task(BashOperator): welcome> on 2022-12-18 15:00:00+00:00
[2024-12-01T11:34:39.146+0000] {standard_task_runner.py:55} INFO - Started process 1466 to run task
[2024-12-01T11:34:39.164+0000] {standard_task_runner.py:82} INFO - Running: ['***', 'tasks', 'run', 'car_price_prediction', 'welcome', 'scheduled__2022-12-18T15:00:00+00:00', '--job-id', '714', '--raw', '--subdir', 'DAGS_FOLDER/hw_dag.py', '--cfg-path', '/tmp/tmpzqz_j3sr']
[2024-12-01T11:34:39.181+0000] {standard_task_runner.py:83} INFO - Job 714: Subtask welcome
[2024-12-01T11:34:39.309+0000] {task_command.py:388} INFO - Running <TaskInstance: car_price_prediction.welcome scheduled__2022-12-18T15:00:00+00:00 [running]> on host 88c3fb750b90
[2024-12-01T11:34:39.497+0000] {taskinstance.py:1509} INFO - Exporting the following env vars:
AIRFLOW_CTX_DAG_OWNER=***
AIRFLOW_CTX_DAG_ID=car_price_prediction
AIRFLOW_CTX_TASK_ID=welcome
AIRFLOW_CTX_EXECUTION_DATE=2022-12-18T15:00:00+00:00
AIRFLOW_CTX_TRY_NUMBER=1
AIRFLOW_CTX_DAG_RUN_ID=scheduled__2022-12-18T15:00:00+00:00
[2024-12-01T11:34:39.499+0000] {subprocess.py:63} INFO - Tmp dir root location: 
 /tmp
[2024-12-01T11:34:39.505+0000] {subprocess.py:75} INFO - Running command: ['/bin/bash', '-c', 'echo "welcome!"']
[2024-12-01T11:34:39.571+0000] {subprocess.py:86} INFO - Output:
[2024-12-01T11:34:39.573+0000] {subprocess.py:93} INFO - welcome!
[2024-12-01T11:34:39.574+0000] {subprocess.py:97} INFO - Command exited with return code 0
[2024-12-01T11:34:39.613+0000] {taskinstance.py:1323} INFO - Marking task as SUCCESS. dag_id=car_price_prediction, task_id=welcome, execution_date=20221218T150000, start_date=20241201T113439, end_date=20241201T113439
[2024-12-01T11:34:39.693+0000] {local_task_job.py:208} INFO - Task exited with return code 0
[2024-12-01T11:34:39.761+0000] {taskinstance.py:2578} INFO - 1 downstream tasks scheduled from follow-on schedule check
