[2024-12-01T11:34:06.895+0000] {taskinstance.py:1083} INFO - Dependencies all met for <TaskInstance: car_price_prediction.pipeline scheduled__2022-12-09T15:00:00+00:00 [queued]>
[2024-12-01T11:34:06.918+0000] {taskinstance.py:1083} INFO - Dependencies all met for <TaskInstance: car_price_prediction.pipeline scheduled__2022-12-09T15:00:00+00:00 [queued]>
[2024-12-01T11:34:06.920+0000] {taskinstance.py:1279} INFO - 
--------------------------------------------------------------------------------
[2024-12-01T11:34:06.922+0000] {taskinstance.py:1280} INFO - Starting attempt 1 of 2
[2024-12-01T11:34:06.924+0000] {taskinstance.py:1281} INFO - 
--------------------------------------------------------------------------------
[2024-12-01T11:34:06.951+0000] {taskinstance.py:1300} INFO - Executing <Task(PythonOperator): pipeline> on 2022-12-09 15:00:00+00:00
[2024-12-01T11:34:06.959+0000] {standard_task_runner.py:55} INFO - Started process 1390 to run task
[2024-12-01T11:34:06.977+0000] {standard_task_runner.py:82} INFO - Running: ['***', 'tasks', 'run', 'car_price_prediction', 'pipeline', 'scheduled__2022-12-09T15:00:00+00:00', '--job-id', '703', '--raw', '--subdir', 'DAGS_FOLDER/hw_dag.py', '--cfg-path', '/tmp/tmpl3qm08mr']
[2024-12-01T11:34:06.979+0000] {standard_task_runner.py:83} INFO - Job 703: Subtask pipeline
[2024-12-01T11:34:07.086+0000] {task_command.py:388} INFO - Running <TaskInstance: car_price_prediction.pipeline scheduled__2022-12-09T15:00:00+00:00 [running]> on host 88c3fb750b90
[2024-12-01T11:34:07.219+0000] {taskinstance.py:1509} INFO - Exporting the following env vars:
AIRFLOW_CTX_DAG_OWNER=***
AIRFLOW_CTX_DAG_ID=car_price_prediction
AIRFLOW_CTX_TASK_ID=pipeline
AIRFLOW_CTX_EXECUTION_DATE=2022-12-09T15:00:00+00:00
AIRFLOW_CTX_TRY_NUMBER=1
AIRFLOW_CTX_DAG_RUN_ID=scheduled__2022-12-09T15:00:00+00:00
[2024-12-01T11:34:09.481+0000] {pipeline.py:116} INFO - model: LogisticRegression, acc_mean: 0.7591, acc_std: 0.0075
[2024-12-01T11:34:27.343+0000] {pipeline.py:116} INFO - model: RandomForestClassifier, acc_mean: 0.7761, acc_std: 0.0036
[2024-12-01T11:34:42.837+0000] {pipeline.py:116} INFO - model: SVC, acc_mean: 0.7871, acc_std: 0.0042
[2024-12-01T11:34:42.837+0000] {pipeline.py:121} INFO - best model: SVC, accuracy: 0.7871
