[2024-12-01T12:35:33.770+0000] {taskinstance.py:1083} INFO - Dependencies all met for <TaskInstance: car_price_prediction.welcome scheduled__2023-02-23T15:00:00+00:00 [queued]>
[2024-12-01T12:35:33.780+0000] {taskinstance.py:1083} INFO - Dependencies all met for <TaskInstance: car_price_prediction.welcome scheduled__2023-02-23T15:00:00+00:00 [queued]>
[2024-12-01T12:35:33.780+0000] {taskinstance.py:1279} INFO - 
--------------------------------------------------------------------------------
[2024-12-01T12:35:33.781+0000] {taskinstance.py:1280} INFO - Starting attempt 1 of 2
[2024-12-01T12:35:33.781+0000] {taskinstance.py:1281} INFO - 
--------------------------------------------------------------------------------
[2024-12-01T12:35:33.860+0000] {taskinstance.py:1300} INFO - Executing <Task(BashOperator): welcome> on 2023-02-23 15:00:00+00:00
[2024-12-01T12:35:33.868+0000] {standard_task_runner.py:55} INFO - Started process 644 to run task
[2024-12-01T12:35:33.871+0000] {standard_task_runner.py:82} INFO - Running: ['***', 'tasks', 'run', 'car_price_prediction', 'welcome', 'scheduled__2023-02-23T15:00:00+00:00', '--job-id', '974', '--raw', '--subdir', 'DAGS_FOLDER/hw_dag.py', '--cfg-path', '/tmp/tmppync0fnk']
[2024-12-01T12:35:33.872+0000] {standard_task_runner.py:83} INFO - Job 974: Subtask welcome
[2024-12-01T12:35:33.949+0000] {task_command.py:388} INFO - Running <TaskInstance: car_price_prediction.welcome scheduled__2023-02-23T15:00:00+00:00 [running]> on host 044f1589013e
[2024-12-01T12:35:34.045+0000] {taskinstance.py:1509} INFO - Exporting the following env vars:
AIRFLOW_CTX_DAG_OWNER=***
AIRFLOW_CTX_DAG_ID=car_price_prediction
AIRFLOW_CTX_TASK_ID=welcome
AIRFLOW_CTX_EXECUTION_DATE=2023-02-23T15:00:00+00:00
AIRFLOW_CTX_TRY_NUMBER=1
AIRFLOW_CTX_DAG_RUN_ID=scheduled__2023-02-23T15:00:00+00:00
[2024-12-01T12:35:34.048+0000] {subprocess.py:63} INFO - Tmp dir root location: 
 /tmp
[2024-12-01T12:35:34.049+0000] {subprocess.py:75} INFO - Running command: ['/bin/bash', '-c', 'echo "welcome!"']
[2024-12-01T12:35:34.073+0000] {subprocess.py:86} INFO - Output:
[2024-12-01T12:35:34.079+0000] {subprocess.py:93} INFO - welcome!
[2024-12-01T12:35:34.080+0000] {subprocess.py:97} INFO - Command exited with return code 0
[2024-12-01T12:35:34.110+0000] {taskinstance.py:1323} INFO - Marking task as SUCCESS. dag_id=car_price_prediction, task_id=welcome, execution_date=20230223T150000, start_date=20241201T123533, end_date=20241201T123534
[2024-12-01T12:35:34.165+0000] {local_task_job.py:208} INFO - Task exited with return code 0
[2024-12-01T12:35:34.209+0000] {taskinstance.py:2578} INFO - 1 downstream tasks scheduled from follow-on schedule check
