[2024-12-01T11:21:16.375+0000] {taskinstance.py:1083} INFO - Dependencies all met for <TaskInstance: car_price_prediction.welcome scheduled__2022-09-06T15:00:00+00:00 [queued]>
[2024-12-01T11:21:16.386+0000] {taskinstance.py:1083} INFO - Dependencies all met for <TaskInstance: car_price_prediction.welcome scheduled__2022-09-06T15:00:00+00:00 [queued]>
[2024-12-01T11:21:16.387+0000] {taskinstance.py:1279} INFO - 
--------------------------------------------------------------------------------
[2024-12-01T11:21:16.387+0000] {taskinstance.py:1280} INFO - Starting attempt 1 of 2
[2024-12-01T11:21:16.387+0000] {taskinstance.py:1281} INFO - 
--------------------------------------------------------------------------------
[2024-12-01T11:21:16.412+0000] {taskinstance.py:1300} INFO - Executing <Task(BashOperator): welcome> on 2022-09-06 15:00:00+00:00
[2024-12-01T11:21:16.419+0000] {standard_task_runner.py:55} INFO - Started process 554 to run task
[2024-12-01T11:21:16.421+0000] {standard_task_runner.py:82} INFO - Running: ['***', 'tasks', 'run', 'car_price_prediction', 'welcome', 'scheduled__2022-09-06T15:00:00+00:00', '--job-id', '334', '--raw', '--subdir', 'DAGS_FOLDER/hw_dag.py', '--cfg-path', '/tmp/tmphmrjcyrr']
[2024-12-01T11:21:16.427+0000] {standard_task_runner.py:83} INFO - Job 334: Subtask welcome
[2024-12-01T11:21:16.500+0000] {task_command.py:388} INFO - Running <TaskInstance: car_price_prediction.welcome scheduled__2022-09-06T15:00:00+00:00 [running]> on host 88c3fb750b90
[2024-12-01T11:21:16.589+0000] {taskinstance.py:1509} INFO - Exporting the following env vars:
AIRFLOW_CTX_DAG_OWNER=***
AIRFLOW_CTX_DAG_ID=car_price_prediction
AIRFLOW_CTX_TASK_ID=welcome
AIRFLOW_CTX_EXECUTION_DATE=2022-09-06T15:00:00+00:00
AIRFLOW_CTX_TRY_NUMBER=1
AIRFLOW_CTX_DAG_RUN_ID=scheduled__2022-09-06T15:00:00+00:00
[2024-12-01T11:21:16.591+0000] {subprocess.py:63} INFO - Tmp dir root location: 
 /tmp
[2024-12-01T11:21:16.592+0000] {subprocess.py:75} INFO - Running command: ['/bin/bash', '-c', 'echo "welcome!"']
[2024-12-01T11:21:16.612+0000] {subprocess.py:86} INFO - Output:
[2024-12-01T11:21:16.614+0000] {subprocess.py:93} INFO - welcome!
[2024-12-01T11:21:16.615+0000] {subprocess.py:97} INFO - Command exited with return code 0
[2024-12-01T11:21:16.642+0000] {taskinstance.py:1323} INFO - Marking task as SUCCESS. dag_id=car_price_prediction, task_id=welcome, execution_date=20220906T150000, start_date=20241201T112116, end_date=20241201T112116
[2024-12-01T11:21:16.676+0000] {local_task_job.py:208} INFO - Task exited with return code 0
[2024-12-01T11:21:16.729+0000] {taskinstance.py:2578} INFO - 1 downstream tasks scheduled from follow-on schedule check
