[2024-12-01T12:11:05.383+0000] {taskinstance.py:1083} INFO - Dependencies all met for <TaskInstance: car_price_prediction.welcome scheduled__2023-01-18T15:00:00+00:00 [queued]>
[2024-12-01T12:11:05.395+0000] {taskinstance.py:1083} INFO - Dependencies all met for <TaskInstance: car_price_prediction.welcome scheduled__2023-01-18T15:00:00+00:00 [queued]>
[2024-12-01T12:11:05.396+0000] {taskinstance.py:1279} INFO - 
--------------------------------------------------------------------------------
[2024-12-01T12:11:05.397+0000] {taskinstance.py:1280} INFO - Starting attempt 1 of 2
[2024-12-01T12:11:05.397+0000] {taskinstance.py:1281} INFO - 
--------------------------------------------------------------------------------
[2024-12-01T12:11:05.419+0000] {taskinstance.py:1300} INFO - Executing <Task(BashOperator): welcome> on 2023-01-18 15:00:00+00:00
[2024-12-01T12:11:05.427+0000] {standard_task_runner.py:55} INFO - Started process 622 to run task
[2024-12-01T12:11:05.442+0000] {standard_task_runner.py:82} INFO - Running: ['***', 'tasks', 'run', 'car_price_prediction', 'welcome', 'scheduled__2023-01-18T15:00:00+00:00', '--job-id', '811', '--raw', '--subdir', 'DAGS_FOLDER/hw_dag.py', '--cfg-path', '/tmp/tmpn4sy9v61']
[2024-12-01T12:11:05.443+0000] {standard_task_runner.py:83} INFO - Job 811: Subtask welcome
[2024-12-01T12:11:05.549+0000] {task_command.py:388} INFO - Running <TaskInstance: car_price_prediction.welcome scheduled__2023-01-18T15:00:00+00:00 [running]> on host 88c3fb750b90
[2024-12-01T12:11:05.718+0000] {taskinstance.py:1509} INFO - Exporting the following env vars:
AIRFLOW_CTX_DAG_OWNER=***
AIRFLOW_CTX_DAG_ID=car_price_prediction
AIRFLOW_CTX_TASK_ID=welcome
AIRFLOW_CTX_EXECUTION_DATE=2023-01-18T15:00:00+00:00
AIRFLOW_CTX_TRY_NUMBER=1
AIRFLOW_CTX_DAG_RUN_ID=scheduled__2023-01-18T15:00:00+00:00
[2024-12-01T12:11:05.719+0000] {subprocess.py:63} INFO - Tmp dir root location: 
 /tmp
[2024-12-01T12:11:05.720+0000] {subprocess.py:75} INFO - Running command: ['/bin/bash', '-c', 'echo "welcome!"']
[2024-12-01T12:11:05.737+0000] {subprocess.py:86} INFO - Output:
[2024-12-01T12:11:05.740+0000] {subprocess.py:93} INFO - welcome!
[2024-12-01T12:11:05.741+0000] {subprocess.py:97} INFO - Command exited with return code 0
[2024-12-01T12:11:05.775+0000] {taskinstance.py:1323} INFO - Marking task as SUCCESS. dag_id=car_price_prediction, task_id=welcome, execution_date=20230118T150000, start_date=20241201T121105, end_date=20241201T121105
[2024-12-01T12:11:05.807+0000] {local_task_job.py:208} INFO - Task exited with return code 0
[2024-12-01T12:11:05.843+0000] {taskinstance.py:2578} INFO - 1 downstream tasks scheduled from follow-on schedule check
