[2024-12-01T11:23:21.887+0000] {taskinstance.py:1083} INFO - Dependencies all met for <TaskInstance: car_price_prediction.welcome scheduled__2022-09-22T15:00:00+00:00 [queued]>
[2024-12-01T11:23:21.896+0000] {taskinstance.py:1083} INFO - Dependencies all met for <TaskInstance: car_price_prediction.welcome scheduled__2022-09-22T15:00:00+00:00 [queued]>
[2024-12-01T11:23:21.896+0000] {taskinstance.py:1279} INFO - 
--------------------------------------------------------------------------------
[2024-12-01T11:23:21.897+0000] {taskinstance.py:1280} INFO - Starting attempt 1 of 2
[2024-12-01T11:23:21.897+0000] {taskinstance.py:1281} INFO - 
--------------------------------------------------------------------------------
[2024-12-01T11:23:21.913+0000] {taskinstance.py:1300} INFO - Executing <Task(BashOperator): welcome> on 2022-09-22 15:00:00+00:00
[2024-12-01T11:23:21.921+0000] {standard_task_runner.py:55} INFO - Started process 929 to run task
[2024-12-01T11:23:21.924+0000] {standard_task_runner.py:82} INFO - Running: ['***', 'tasks', 'run', 'car_price_prediction', 'welcome', 'scheduled__2022-09-22T15:00:00+00:00', '--job-id', '396', '--raw', '--subdir', 'DAGS_FOLDER/hw_dag.py', '--cfg-path', '/tmp/tmplml4ehfj']
[2024-12-01T11:23:21.926+0000] {standard_task_runner.py:83} INFO - Job 396: Subtask welcome
[2024-12-01T11:23:21.999+0000] {task_command.py:388} INFO - Running <TaskInstance: car_price_prediction.welcome scheduled__2022-09-22T15:00:00+00:00 [running]> on host 88c3fb750b90
[2024-12-01T11:23:22.094+0000] {taskinstance.py:1509} INFO - Exporting the following env vars:
AIRFLOW_CTX_DAG_OWNER=***
AIRFLOW_CTX_DAG_ID=car_price_prediction
AIRFLOW_CTX_TASK_ID=welcome
AIRFLOW_CTX_EXECUTION_DATE=2022-09-22T15:00:00+00:00
AIRFLOW_CTX_TRY_NUMBER=1
AIRFLOW_CTX_DAG_RUN_ID=scheduled__2022-09-22T15:00:00+00:00
[2024-12-01T11:23:22.104+0000] {subprocess.py:63} INFO - Tmp dir root location: 
 /tmp
[2024-12-01T11:23:22.106+0000] {subprocess.py:75} INFO - Running command: ['/bin/bash', '-c', 'echo "welcome!"']
[2024-12-01T11:23:22.123+0000] {subprocess.py:86} INFO - Output:
[2024-12-01T11:23:22.125+0000] {subprocess.py:93} INFO - welcome!
[2024-12-01T11:23:22.126+0000] {subprocess.py:97} INFO - Command exited with return code 0
[2024-12-01T11:23:22.154+0000] {taskinstance.py:1323} INFO - Marking task as SUCCESS. dag_id=car_price_prediction, task_id=welcome, execution_date=20220922T150000, start_date=20241201T112321, end_date=20241201T112322
[2024-12-01T11:23:22.216+0000] {local_task_job.py:208} INFO - Task exited with return code 0
[2024-12-01T11:23:22.301+0000] {taskinstance.py:2578} INFO - 0 downstream tasks scheduled from follow-on schedule check
