[2024-12-01T11:30:58.106+0000] {taskinstance.py:1083} INFO - Dependencies all met for <TaskInstance: car_price_prediction.pipeline scheduled__2022-11-19T15:00:00+00:00 [queued]>
[2024-12-01T11:30:58.116+0000] {taskinstance.py:1083} INFO - Dependencies all met for <TaskInstance: car_price_prediction.pipeline scheduled__2022-11-19T15:00:00+00:00 [queued]>
[2024-12-01T11:30:58.116+0000] {taskinstance.py:1279} INFO - 
--------------------------------------------------------------------------------
[2024-12-01T11:30:58.117+0000] {taskinstance.py:1280} INFO - Starting attempt 1 of 2
[2024-12-01T11:30:58.117+0000] {taskinstance.py:1281} INFO - 
--------------------------------------------------------------------------------
[2024-12-01T11:30:58.130+0000] {taskinstance.py:1300} INFO - Executing <Task(PythonOperator): pipeline> on 2022-11-19 15:00:00+00:00
[2024-12-01T11:30:58.137+0000] {standard_task_runner.py:55} INFO - Started process 748 to run task
[2024-12-01T11:30:58.139+0000] {standard_task_runner.py:82} INFO - Running: ['***', 'tasks', 'run', 'car_price_prediction', 'pipeline', 'scheduled__2022-11-19T15:00:00+00:00', '--job-id', '603', '--raw', '--subdir', 'DAGS_FOLDER/hw_dag.py', '--cfg-path', '/tmp/tmpyaxg8q6y']
[2024-12-01T11:30:58.140+0000] {standard_task_runner.py:83} INFO - Job 603: Subtask pipeline
[2024-12-01T11:30:58.190+0000] {task_command.py:388} INFO - Running <TaskInstance: car_price_prediction.pipeline scheduled__2022-11-19T15:00:00+00:00 [running]> on host 88c3fb750b90
[2024-12-01T11:30:58.254+0000] {taskinstance.py:1509} INFO - Exporting the following env vars:
AIRFLOW_CTX_DAG_OWNER=***
AIRFLOW_CTX_DAG_ID=car_price_prediction
AIRFLOW_CTX_TASK_ID=pipeline
AIRFLOW_CTX_EXECUTION_DATE=2022-11-19T15:00:00+00:00
AIRFLOW_CTX_TRY_NUMBER=1
AIRFLOW_CTX_DAG_RUN_ID=scheduled__2022-11-19T15:00:00+00:00
[2024-12-01T11:30:59.272+0000] {pipeline.py:116} INFO - model: LogisticRegression, acc_mean: 0.7591, acc_std: 0.0075
[2024-12-01T11:31:09.384+0000] {pipeline.py:116} INFO - model: RandomForestClassifier, acc_mean: 0.7761, acc_std: 0.0036
[2024-12-01T11:31:16.676+0000] {pipeline.py:116} INFO - model: SVC, acc_mean: 0.7871, acc_std: 0.0042
[2024-12-01T11:31:16.677+0000] {pipeline.py:121} INFO - best model: SVC, accuracy: 0.7871
[2024-12-01T11:31:19.042+0000] {pipeline.py:129} INFO - Model is saved as /opt/***/data/models/cars_pipe_202412011131.pkl
[2024-12-01T11:31:19.044+0000] {python.py:177} INFO - Done. Returned value was: None
[2024-12-01T11:31:19.051+0000] {taskinstance.py:1323} INFO - Marking task as SUCCESS. dag_id=car_price_prediction, task_id=pipeline, execution_date=20221119T150000, start_date=20241201T113058, end_date=20241201T113119
[2024-12-01T11:31:19.114+0000] {local_task_job.py:208} INFO - Task exited with return code 0
[2024-12-01T11:31:19.129+0000] {taskinstance.py:2578} INFO - 1 downstream tasks scheduled from follow-on schedule check
