[2024-12-01T11:27:50.910+0000] {taskinstance.py:1083} INFO - Dependencies all met for <TaskInstance: car_price_prediction.welcome scheduled__2022-10-26T15:00:00+00:00 [queued]>
[2024-12-01T11:27:50.919+0000] {taskinstance.py:1083} INFO - Dependencies all met for <TaskInstance: car_price_prediction.welcome scheduled__2022-10-26T15:00:00+00:00 [queued]>
[2024-12-01T11:27:50.919+0000] {taskinstance.py:1279} INFO - 
--------------------------------------------------------------------------------
[2024-12-01T11:27:50.920+0000] {taskinstance.py:1280} INFO - Starting attempt 1 of 2
[2024-12-01T11:27:50.920+0000] {taskinstance.py:1281} INFO - 
--------------------------------------------------------------------------------
[2024-12-01T11:27:50.934+0000] {taskinstance.py:1300} INFO - Executing <Task(BashOperator): welcome> on 2022-10-26 15:00:00+00:00
[2024-12-01T11:27:50.941+0000] {standard_task_runner.py:55} INFO - Started process 178 to run task
[2024-12-01T11:27:50.943+0000] {standard_task_runner.py:82} INFO - Running: ['***', 'tasks', 'run', 'car_price_prediction', 'welcome', 'scheduled__2022-10-26T15:00:00+00:00', '--job-id', '525', '--raw', '--subdir', 'DAGS_FOLDER/hw_dag.py', '--cfg-path', '/tmp/tmpurr4dn7g']
[2024-12-01T11:27:50.945+0000] {standard_task_runner.py:83} INFO - Job 525: Subtask welcome
[2024-12-01T11:27:51.027+0000] {task_command.py:388} INFO - Running <TaskInstance: car_price_prediction.welcome scheduled__2022-10-26T15:00:00+00:00 [running]> on host 88c3fb750b90
[2024-12-01T11:27:51.154+0000] {taskinstance.py:1509} INFO - Exporting the following env vars:
AIRFLOW_CTX_DAG_OWNER=***
AIRFLOW_CTX_DAG_ID=car_price_prediction
AIRFLOW_CTX_TASK_ID=welcome
AIRFLOW_CTX_EXECUTION_DATE=2022-10-26T15:00:00+00:00
AIRFLOW_CTX_TRY_NUMBER=1
AIRFLOW_CTX_DAG_RUN_ID=scheduled__2022-10-26T15:00:00+00:00
[2024-12-01T11:27:51.157+0000] {subprocess.py:63} INFO - Tmp dir root location: 
 /tmp
[2024-12-01T11:27:51.158+0000] {subprocess.py:75} INFO - Running command: ['/bin/bash', '-c', 'echo "welcome!"']
[2024-12-01T11:27:51.175+0000] {subprocess.py:86} INFO - Output:
[2024-12-01T11:27:51.179+0000] {subprocess.py:93} INFO - welcome!
[2024-12-01T11:27:51.180+0000] {subprocess.py:97} INFO - Command exited with return code 0
[2024-12-01T11:27:51.208+0000] {taskinstance.py:1323} INFO - Marking task as SUCCESS. dag_id=car_price_prediction, task_id=welcome, execution_date=20221026T150000, start_date=20241201T112750, end_date=20241201T112751
[2024-12-01T11:27:51.241+0000] {local_task_job.py:208} INFO - Task exited with return code 0
[2024-12-01T11:27:51.380+0000] {taskinstance.py:2578} INFO - 0 downstream tasks scheduled from follow-on schedule check
