[2024-12-01T11:23:19.050+0000] {taskinstance.py:1083} INFO - Dependencies all met for <TaskInstance: car_price_prediction.pipeline scheduled__2022-09-04T15:00:00+00:00 [queued]>
[2024-12-01T11:23:19.056+0000] {taskinstance.py:1083} INFO - Dependencies all met for <TaskInstance: car_price_prediction.pipeline scheduled__2022-09-04T15:00:00+00:00 [queued]>
[2024-12-01T11:23:19.057+0000] {taskinstance.py:1279} INFO - 
--------------------------------------------------------------------------------
[2024-12-01T11:23:19.057+0000] {taskinstance.py:1280} INFO - Starting attempt 2 of 2
[2024-12-01T11:23:19.057+0000] {taskinstance.py:1281} INFO - 
--------------------------------------------------------------------------------
[2024-12-01T11:23:19.069+0000] {taskinstance.py:1300} INFO - Executing <Task(PythonOperator): pipeline> on 2022-09-04 15:00:00+00:00
[2024-12-01T11:23:19.074+0000] {standard_task_runner.py:55} INFO - Started process 892 to run task
[2024-12-01T11:23:19.077+0000] {standard_task_runner.py:82} INFO - Running: ['***', 'tasks', 'run', 'car_price_prediction', 'pipeline', 'scheduled__2022-09-04T15:00:00+00:00', '--job-id', '391', '--raw', '--subdir', 'DAGS_FOLDER/hw_dag.py', '--cfg-path', '/tmp/tmpqdzt3iyj']
[2024-12-01T11:23:19.078+0000] {standard_task_runner.py:83} INFO - Job 391: Subtask pipeline
[2024-12-01T11:23:19.119+0000] {task_command.py:388} INFO - Running <TaskInstance: car_price_prediction.pipeline scheduled__2022-09-04T15:00:00+00:00 [running]> on host 88c3fb750b90
[2024-12-01T11:23:19.166+0000] {taskinstance.py:1509} INFO - Exporting the following env vars:
AIRFLOW_CTX_DAG_OWNER=***
AIRFLOW_CTX_DAG_ID=car_price_prediction
AIRFLOW_CTX_TASK_ID=pipeline
AIRFLOW_CTX_EXECUTION_DATE=2022-09-04T15:00:00+00:00
AIRFLOW_CTX_TRY_NUMBER=2
AIRFLOW_CTX_DAG_RUN_ID=scheduled__2022-09-04T15:00:00+00:00
[2024-12-01T11:23:20.021+0000] {pipeline.py:116} INFO - model: LogisticRegression, acc_mean: 0.7591, acc_std: 0.0075
[2024-12-01T11:23:42.860+0000] {local_task_job.py:208} INFO - Task exited with return code Negsignal.SIGKILL
[2024-12-01T11:23:42.971+0000] {taskinstance.py:2578} INFO - 0 downstream tasks scheduled from follow-on schedule check
