[2024-12-01T11:21:18.011+0000] {taskinstance.py:1083} INFO - Dependencies all met for <TaskInstance: car_price_prediction.pipeline scheduled__2022-09-04T15:00:00+00:00 [queued]>
[2024-12-01T11:21:18.030+0000] {taskinstance.py:1083} INFO - Dependencies all met for <TaskInstance: car_price_prediction.pipeline scheduled__2022-09-04T15:00:00+00:00 [queued]>
[2024-12-01T11:21:18.031+0000] {taskinstance.py:1279} INFO - 
--------------------------------------------------------------------------------
[2024-12-01T11:21:18.033+0000] {taskinstance.py:1280} INFO - Starting attempt 1 of 2
[2024-12-01T11:21:18.035+0000] {taskinstance.py:1281} INFO - 
--------------------------------------------------------------------------------
[2024-12-01T11:21:18.089+0000] {taskinstance.py:1300} INFO - Executing <Task(PythonOperator): pipeline> on 2022-09-04 15:00:00+00:00
[2024-12-01T11:21:18.102+0000] {standard_task_runner.py:55} INFO - Started process 594 to run task
[2024-12-01T11:21:18.116+0000] {standard_task_runner.py:82} INFO - Running: ['***', 'tasks', 'run', 'car_price_prediction', 'pipeline', 'scheduled__2022-09-04T15:00:00+00:00', '--job-id', '343', '--raw', '--subdir', 'DAGS_FOLDER/hw_dag.py', '--cfg-path', '/tmp/tmpg2l8xes6']
[2024-12-01T11:21:18.124+0000] {standard_task_runner.py:83} INFO - Job 343: Subtask pipeline
[2024-12-01T11:21:18.219+0000] {task_command.py:388} INFO - Running <TaskInstance: car_price_prediction.pipeline scheduled__2022-09-04T15:00:00+00:00 [running]> on host 88c3fb750b90
[2024-12-01T11:21:18.375+0000] {taskinstance.py:1509} INFO - Exporting the following env vars:
AIRFLOW_CTX_DAG_OWNER=***
AIRFLOW_CTX_DAG_ID=car_price_prediction
AIRFLOW_CTX_TASK_ID=pipeline
AIRFLOW_CTX_EXECUTION_DATE=2022-09-04T15:00:00+00:00
AIRFLOW_CTX_TRY_NUMBER=1
AIRFLOW_CTX_DAG_RUN_ID=scheduled__2022-09-04T15:00:00+00:00
[2024-12-01T11:21:20.365+0000] {pipeline.py:116} INFO - model: LogisticRegression, acc_mean: 0.7591, acc_std: 0.0075
[2024-12-01T11:21:39.569+0000] {pipeline.py:116} INFO - model: RandomForestClassifier, acc_mean: 0.7775, acc_std: 0.0026
[2024-12-01T11:21:57.851+0000] {pipeline.py:116} INFO - model: SVC, acc_mean: 0.7871, acc_std: 0.0042
[2024-12-01T11:21:57.867+0000] {pipeline.py:121} INFO - best model: SVC, accuracy: 0.7871
[2024-12-01T11:22:05.485+0000] {local_task_job.py:208} INFO - Task exited with return code Negsignal.SIGKILL
[2024-12-01T11:22:05.568+0000] {taskinstance.py:2578} INFO - 0 downstream tasks scheduled from follow-on schedule check
