[2024-12-01T12:08:53.016+0000] {taskinstance.py:1083} INFO - Dependencies all met for <TaskInstance: car_price_prediction.welcome scheduled__2023-01-01T15:00:00+00:00 [queued]>
[2024-12-01T12:08:53.055+0000] {taskinstance.py:1083} INFO - Dependencies all met for <TaskInstance: car_price_prediction.welcome scheduled__2023-01-01T15:00:00+00:00 [queued]>
[2024-12-01T12:08:53.056+0000] {taskinstance.py:1279} INFO - 
--------------------------------------------------------------------------------
[2024-12-01T12:08:53.059+0000] {taskinstance.py:1280} INFO - Starting attempt 1 of 2
[2024-12-01T12:08:53.059+0000] {taskinstance.py:1281} INFO - 
--------------------------------------------------------------------------------
[2024-12-01T12:08:53.094+0000] {taskinstance.py:1300} INFO - Executing <Task(BashOperator): welcome> on 2023-01-01 15:00:00+00:00
[2024-12-01T12:08:53.102+0000] {standard_task_runner.py:55} INFO - Started process 201 to run task
[2024-12-01T12:08:53.107+0000] {standard_task_runner.py:82} INFO - Running: ['***', 'tasks', 'run', 'car_price_prediction', 'welcome', 'scheduled__2023-01-01T15:00:00+00:00', '--job-id', '737', '--raw', '--subdir', 'DAGS_FOLDER/hw_dag.py', '--cfg-path', '/tmp/tmpnqfdzncp']
[2024-12-01T12:08:53.120+0000] {standard_task_runner.py:83} INFO - Job 737: Subtask welcome
[2024-12-01T12:08:53.294+0000] {task_command.py:388} INFO - Running <TaskInstance: car_price_prediction.welcome scheduled__2023-01-01T15:00:00+00:00 [running]> on host 88c3fb750b90
[2024-12-01T12:08:53.579+0000] {taskinstance.py:1509} INFO - Exporting the following env vars:
AIRFLOW_CTX_DAG_OWNER=***
AIRFLOW_CTX_DAG_ID=car_price_prediction
AIRFLOW_CTX_TASK_ID=welcome
AIRFLOW_CTX_EXECUTION_DATE=2023-01-01T15:00:00+00:00
AIRFLOW_CTX_TRY_NUMBER=1
AIRFLOW_CTX_DAG_RUN_ID=scheduled__2023-01-01T15:00:00+00:00
[2024-12-01T12:08:53.589+0000] {subprocess.py:63} INFO - Tmp dir root location: 
 /tmp
[2024-12-01T12:08:53.590+0000] {subprocess.py:75} INFO - Running command: ['/bin/bash', '-c', 'echo "welcome!"']
[2024-12-01T12:08:53.652+0000] {subprocess.py:86} INFO - Output:
[2024-12-01T12:08:53.656+0000] {subprocess.py:93} INFO - welcome!
[2024-12-01T12:08:53.657+0000] {subprocess.py:97} INFO - Command exited with return code 0
[2024-12-01T12:08:54.386+0000] {taskinstance.py:1323} INFO - Marking task as SUCCESS. dag_id=car_price_prediction, task_id=welcome, execution_date=20230101T150000, start_date=20241201T120853, end_date=20241201T120854
[2024-12-01T12:08:54.513+0000] {local_task_job.py:208} INFO - Task exited with return code 0
[2024-12-01T12:08:54.645+0000] {taskinstance.py:2578} INFO - 1 downstream tasks scheduled from follow-on schedule check
