[2024-12-01T11:23:21.737+0000] {taskinstance.py:1083} INFO - Dependencies all met for <TaskInstance: car_price_prediction.welcome scheduled__2022-09-21T15:00:00+00:00 [queued]>
[2024-12-01T11:23:21.751+0000] {taskinstance.py:1083} INFO - Dependencies all met for <TaskInstance: car_price_prediction.welcome scheduled__2022-09-21T15:00:00+00:00 [queued]>
[2024-12-01T11:23:21.752+0000] {taskinstance.py:1279} INFO - 
--------------------------------------------------------------------------------
[2024-12-01T11:23:21.753+0000] {taskinstance.py:1280} INFO - Starting attempt 1 of 2
[2024-12-01T11:23:21.753+0000] {taskinstance.py:1281} INFO - 
--------------------------------------------------------------------------------
[2024-12-01T11:23:21.769+0000] {taskinstance.py:1300} INFO - Executing <Task(BashOperator): welcome> on 2022-09-21 15:00:00+00:00
[2024-12-01T11:23:21.776+0000] {standard_task_runner.py:55} INFO - Started process 927 to run task
[2024-12-01T11:23:21.781+0000] {standard_task_runner.py:82} INFO - Running: ['***', 'tasks', 'run', 'car_price_prediction', 'welcome', 'scheduled__2022-09-21T15:00:00+00:00', '--job-id', '395', '--raw', '--subdir', 'DAGS_FOLDER/hw_dag.py', '--cfg-path', '/tmp/tmp9439vy8i']
[2024-12-01T11:23:21.783+0000] {standard_task_runner.py:83} INFO - Job 395: Subtask welcome
[2024-12-01T11:23:21.846+0000] {task_command.py:388} INFO - Running <TaskInstance: car_price_prediction.welcome scheduled__2022-09-21T15:00:00+00:00 [running]> on host 88c3fb750b90
[2024-12-01T11:23:21.911+0000] {taskinstance.py:1509} INFO - Exporting the following env vars:
AIRFLOW_CTX_DAG_OWNER=***
AIRFLOW_CTX_DAG_ID=car_price_prediction
AIRFLOW_CTX_TASK_ID=welcome
AIRFLOW_CTX_EXECUTION_DATE=2022-09-21T15:00:00+00:00
AIRFLOW_CTX_TRY_NUMBER=1
AIRFLOW_CTX_DAG_RUN_ID=scheduled__2022-09-21T15:00:00+00:00
[2024-12-01T11:23:21.912+0000] {subprocess.py:63} INFO - Tmp dir root location: 
 /tmp
[2024-12-01T11:23:21.913+0000] {subprocess.py:75} INFO - Running command: ['/bin/bash', '-c', 'echo "welcome!"']
[2024-12-01T11:23:21.930+0000] {subprocess.py:86} INFO - Output:
[2024-12-01T11:23:21.932+0000] {subprocess.py:93} INFO - welcome!
[2024-12-01T11:23:21.933+0000] {subprocess.py:97} INFO - Command exited with return code 0
[2024-12-01T11:23:21.957+0000] {taskinstance.py:1323} INFO - Marking task as SUCCESS. dag_id=car_price_prediction, task_id=welcome, execution_date=20220921T150000, start_date=20241201T112321, end_date=20241201T112321
[2024-12-01T11:23:21.993+0000] {local_task_job.py:208} INFO - Task exited with return code 0
[2024-12-01T11:23:22.046+0000] {taskinstance.py:2578} INFO - 1 downstream tasks scheduled from follow-on schedule check
