[2024-12-01T11:19:10.076+0000] {taskinstance.py:1083} INFO - Dependencies all met for <TaskInstance: car_price_prediction.welcome scheduled__2022-08-31T15:00:00+00:00 [queued]>
[2024-12-01T11:19:10.099+0000] {taskinstance.py:1083} INFO - Dependencies all met for <TaskInstance: car_price_prediction.welcome scheduled__2022-08-31T15:00:00+00:00 [queued]>
[2024-12-01T11:19:10.099+0000] {taskinstance.py:1279} INFO - 
--------------------------------------------------------------------------------
[2024-12-01T11:19:10.100+0000] {taskinstance.py:1280} INFO - Starting attempt 1 of 2
[2024-12-01T11:19:10.100+0000] {taskinstance.py:1281} INFO - 
--------------------------------------------------------------------------------
[2024-12-01T11:19:10.136+0000] {taskinstance.py:1300} INFO - Executing <Task(BashOperator): welcome> on 2022-08-31 15:00:00+00:00
[2024-12-01T11:19:10.145+0000] {standard_task_runner.py:55} INFO - Started process 230 to run task
[2024-12-01T11:19:10.159+0000] {standard_task_runner.py:82} INFO - Running: ['***', 'tasks', 'run', 'car_price_prediction', 'welcome', 'scheduled__2022-08-31T15:00:00+00:00', '--job-id', '290', '--raw', '--subdir', 'DAGS_FOLDER/hw_dag.py', '--cfg-path', '/tmp/tmpwdv3znnm']
[2024-12-01T11:19:10.179+0000] {standard_task_runner.py:83} INFO - Job 290: Subtask welcome
[2024-12-01T11:19:10.316+0000] {task_command.py:388} INFO - Running <TaskInstance: car_price_prediction.welcome scheduled__2022-08-31T15:00:00+00:00 [running]> on host 88c3fb750b90
[2024-12-01T11:19:10.468+0000] {taskinstance.py:1509} INFO - Exporting the following env vars:
AIRFLOW_CTX_DAG_OWNER=***
AIRFLOW_CTX_DAG_ID=car_price_prediction
AIRFLOW_CTX_TASK_ID=welcome
AIRFLOW_CTX_EXECUTION_DATE=2022-08-31T15:00:00+00:00
AIRFLOW_CTX_TRY_NUMBER=1
AIRFLOW_CTX_DAG_RUN_ID=scheduled__2022-08-31T15:00:00+00:00
[2024-12-01T11:19:10.472+0000] {subprocess.py:63} INFO - Tmp dir root location: 
 /tmp
[2024-12-01T11:19:10.473+0000] {subprocess.py:75} INFO - Running command: ['/bin/bash', '-c', 'echo "welcome!"']
[2024-12-01T11:19:10.495+0000] {subprocess.py:86} INFO - Output:
[2024-12-01T11:19:10.498+0000] {subprocess.py:93} INFO - welcome!
[2024-12-01T11:19:10.499+0000] {subprocess.py:97} INFO - Command exited with return code 0
[2024-12-01T11:19:10.534+0000] {taskinstance.py:1323} INFO - Marking task as SUCCESS. dag_id=car_price_prediction, task_id=welcome, execution_date=20220831T150000, start_date=20241201T111910, end_date=20241201T111910
[2024-12-01T11:19:10.568+0000] {local_task_job.py:208} INFO - Task exited with return code 0
[2024-12-01T11:19:10.768+0000] {taskinstance.py:2578} INFO - 0 downstream tasks scheduled from follow-on schedule check
