[2024-12-01T11:26:54.416+0000] {taskinstance.py:1083} INFO - Dependencies all met for <TaskInstance: car_price_prediction.pipeline scheduled__2022-10-20T15:00:00+00:00 [queued]>
[2024-12-01T11:26:54.426+0000] {taskinstance.py:1083} INFO - Dependencies all met for <TaskInstance: car_price_prediction.pipeline scheduled__2022-10-20T15:00:00+00:00 [queued]>
[2024-12-01T11:26:54.426+0000] {taskinstance.py:1279} INFO - 
--------------------------------------------------------------------------------
[2024-12-01T11:26:54.427+0000] {taskinstance.py:1280} INFO - Starting attempt 1 of 2
[2024-12-01T11:26:54.427+0000] {taskinstance.py:1281} INFO - 
--------------------------------------------------------------------------------
[2024-12-01T11:26:54.441+0000] {taskinstance.py:1300} INFO - Executing <Task(PythonOperator): pipeline> on 2022-10-20 15:00:00+00:00
[2024-12-01T11:26:54.446+0000] {standard_task_runner.py:55} INFO - Started process 1519 to run task
[2024-12-01T11:26:54.447+0000] {standard_task_runner.py:82} INFO - Running: ['***', 'tasks', 'run', 'car_price_prediction', 'pipeline', 'scheduled__2022-10-20T15:00:00+00:00', '--job-id', '502', '--raw', '--subdir', 'DAGS_FOLDER/hw_dag.py', '--cfg-path', '/tmp/tmpm3s9m3sq']
[2024-12-01T11:26:54.449+0000] {standard_task_runner.py:83} INFO - Job 502: Subtask pipeline
[2024-12-01T11:26:54.487+0000] {task_command.py:388} INFO - Running <TaskInstance: car_price_prediction.pipeline scheduled__2022-10-20T15:00:00+00:00 [running]> on host 88c3fb750b90
[2024-12-01T11:26:54.534+0000] {taskinstance.py:1509} INFO - Exporting the following env vars:
AIRFLOW_CTX_DAG_OWNER=***
AIRFLOW_CTX_DAG_ID=car_price_prediction
AIRFLOW_CTX_TASK_ID=pipeline
AIRFLOW_CTX_EXECUTION_DATE=2022-10-20T15:00:00+00:00
AIRFLOW_CTX_TRY_NUMBER=1
AIRFLOW_CTX_DAG_RUN_ID=scheduled__2022-10-20T15:00:00+00:00
[2024-12-01T11:26:55.410+0000] {pipeline.py:116} INFO - model: LogisticRegression, acc_mean: 0.7591, acc_std: 0.0075
[2024-12-01T11:27:05.010+0000] {pipeline.py:116} INFO - model: RandomForestClassifier, acc_mean: 0.7775, acc_std: 0.0026
