[2024-12-01T12:12:46.750+0000] {taskinstance.py:1083} INFO - Dependencies all met for <TaskInstance: car_price_prediction.predict scheduled__2023-01-14T15:00:00+00:00 [queued]>
[2024-12-01T12:12:46.758+0000] {taskinstance.py:1083} INFO - Dependencies all met for <TaskInstance: car_price_prediction.predict scheduled__2023-01-14T15:00:00+00:00 [queued]>
[2024-12-01T12:12:46.759+0000] {taskinstance.py:1279} INFO - 
--------------------------------------------------------------------------------
[2024-12-01T12:12:46.759+0000] {taskinstance.py:1280} INFO - Starting attempt 2 of 2
[2024-12-01T12:12:46.759+0000] {taskinstance.py:1281} INFO - 
--------------------------------------------------------------------------------
[2024-12-01T12:12:46.770+0000] {taskinstance.py:1300} INFO - Executing <Task(PythonOperator): predict> on 2023-01-14 15:00:00+00:00
[2024-12-01T12:12:46.777+0000] {standard_task_runner.py:55} INFO - Started process 895 to run task
[2024-12-01T12:12:46.779+0000] {standard_task_runner.py:82} INFO - Running: ['***', 'tasks', 'run', 'car_price_prediction', 'predict', 'scheduled__2023-01-14T15:00:00+00:00', '--job-id', '844', '--raw', '--subdir', 'DAGS_FOLDER/hw_dag.py', '--cfg-path', '/tmp/tmpp0heh495']
[2024-12-01T12:12:46.780+0000] {standard_task_runner.py:83} INFO - Job 844: Subtask predict
[2024-12-01T12:12:46.837+0000] {task_command.py:388} INFO - Running <TaskInstance: car_price_prediction.predict scheduled__2023-01-14T15:00:00+00:00 [running]> on host 88c3fb750b90
[2024-12-01T12:12:46.891+0000] {taskinstance.py:1509} INFO - Exporting the following env vars:
AIRFLOW_CTX_DAG_OWNER=***
AIRFLOW_CTX_DAG_ID=car_price_prediction
AIRFLOW_CTX_TASK_ID=predict
AIRFLOW_CTX_EXECUTION_DATE=2023-01-14T15:00:00+00:00
AIRFLOW_CTX_TRY_NUMBER=2
AIRFLOW_CTX_DAG_RUN_ID=scheduled__2023-01-14T15:00:00+00:00
[2024-12-01T12:12:46.894+0000] {taskinstance.py:1768} ERROR - Task failed with exception
Traceback (most recent call last):
  File "/home/airflow/.local/lib/python3.7/site-packages/airflow/operators/python.py", line 175, in execute
    return_value = self.execute_callable()
  File "/home/airflow/.local/lib/python3.7/site-packages/airflow/operators/python.py", line 192, in execute_callable
    return self.python_callable(*self.op_args, **self.op_kwargs)
  File "/opt/airflow/modules/predict.py", line 15, in predict
    model = dill.load(file)
  File "/home/airflow/.local/lib/python3.7/site-packages/dill/_dill.py", line 270, in load
    return Unpickler(file, ignore=ignore, **kwds).load()
  File "/home/airflow/.local/lib/python3.7/site-packages/dill/_dill.py", line 472, in load
    obj = StockUnpickler.load(self)
  File "/home/airflow/.local/lib/python3.7/site-packages/dill/_dill.py", line 462, in find_class
    return StockUnpickler.find_class(self, module, name)
AttributeError: Can't get attribute '_create_code' on <module 'dill._dill' from '/home/***/.local/lib/python3.7/site-packages/dill/_dill.py'>
[2024-12-01T12:12:46.902+0000] {taskinstance.py:1323} INFO - Marking task as FAILED. dag_id=car_price_prediction, task_id=predict, execution_date=20230114T150000, start_date=20241201T121246, end_date=20241201T121246
[2024-12-01T12:12:46.911+0000] {standard_task_runner.py:105} ERROR - Failed to execute job 844 for task predict (Can't get attribute '_create_code' on <module 'dill._dill' from '/home/***/.local/lib/python3.7/site-packages/dill/_dill.py'>; 895)
[2024-12-01T12:12:46.951+0000] {local_task_job.py:208} INFO - Task exited with return code 1
[2024-12-01T12:12:46.962+0000] {taskinstance.py:2578} INFO - 0 downstream tasks scheduled from follow-on schedule check
