[2024-12-01T12:09:03.654+0000] {taskinstance.py:1083} INFO - Dependencies all met for <TaskInstance: car_price_prediction.pipeline scheduled__2022-12-31T15:00:00+00:00 [queued]>
[2024-12-01T12:09:03.666+0000] {taskinstance.py:1083} INFO - Dependencies all met for <TaskInstance: car_price_prediction.pipeline scheduled__2022-12-31T15:00:00+00:00 [queued]>
[2024-12-01T12:09:03.667+0000] {taskinstance.py:1279} INFO - 
--------------------------------------------------------------------------------
[2024-12-01T12:09:03.667+0000] {taskinstance.py:1280} INFO - Starting attempt 1 of 2
[2024-12-01T12:09:03.668+0000] {taskinstance.py:1281} INFO - 
--------------------------------------------------------------------------------
[2024-12-01T12:09:03.687+0000] {taskinstance.py:1300} INFO - Executing <Task(PythonOperator): pipeline> on 2022-12-31 15:00:00+00:00
[2024-12-01T12:09:03.696+0000] {standard_task_runner.py:55} INFO - Started process 235 to run task
[2024-12-01T12:09:03.700+0000] {standard_task_runner.py:82} INFO - Running: ['***', 'tasks', 'run', 'car_price_prediction', 'pipeline', 'scheduled__2022-12-31T15:00:00+00:00', '--job-id', '745', '--raw', '--subdir', 'DAGS_FOLDER/hw_dag.py', '--cfg-path', '/tmp/tmpbwfur1h5']
[2024-12-01T12:09:03.702+0000] {standard_task_runner.py:83} INFO - Job 745: Subtask pipeline
[2024-12-01T12:09:03.772+0000] {task_command.py:388} INFO - Running <TaskInstance: car_price_prediction.pipeline scheduled__2022-12-31T15:00:00+00:00 [running]> on host 88c3fb750b90
[2024-12-01T12:09:03.856+0000] {taskinstance.py:1509} INFO - Exporting the following env vars:
AIRFLOW_CTX_DAG_OWNER=***
AIRFLOW_CTX_DAG_ID=car_price_prediction
AIRFLOW_CTX_TASK_ID=pipeline
AIRFLOW_CTX_EXECUTION_DATE=2022-12-31T15:00:00+00:00
AIRFLOW_CTX_TRY_NUMBER=1
AIRFLOW_CTX_DAG_RUN_ID=scheduled__2022-12-31T15:00:00+00:00
[2024-12-01T12:09:05.519+0000] {pipeline.py:116} INFO - model: LogisticRegression, acc_mean: 0.7591, acc_std: 0.0075
[2024-12-01T12:09:24.193+0000] {pipeline.py:116} INFO - model: RandomForestClassifier, acc_mean: 0.7771, acc_std: 0.0043
[2024-12-01T12:09:40.299+0000] {pipeline.py:116} INFO - model: SVC, acc_mean: 0.7871, acc_std: 0.0042
[2024-12-01T12:09:40.302+0000] {pipeline.py:121} INFO - best model: SVC, accuracy: 0.7871
[2024-12-01T12:09:44.321+0000] {pipeline.py:129} INFO - Model is saved as /opt/***/data/models/cars_pipe_202412011209.pkl
[2024-12-01T12:09:44.326+0000] {python.py:177} INFO - Done. Returned value was: None
[2024-12-01T12:09:44.340+0000] {taskinstance.py:1323} INFO - Marking task as SUCCESS. dag_id=car_price_prediction, task_id=pipeline, execution_date=20221231T150000, start_date=20241201T120903, end_date=20241201T120944
[2024-12-01T12:09:44.402+0000] {local_task_job.py:208} INFO - Task exited with return code 0
[2024-12-01T12:09:44.538+0000] {taskinstance.py:2578} INFO - 0 downstream tasks scheduled from follow-on schedule check
