[2024-12-01T11:30:07.107+0000] {taskinstance.py:1083} INFO - Dependencies all met for <TaskInstance: car_price_prediction.welcome scheduled__2022-11-09T15:00:00+00:00 [queued]>
[2024-12-01T11:30:07.117+0000] {taskinstance.py:1083} INFO - Dependencies all met for <TaskInstance: car_price_prediction.welcome scheduled__2022-11-09T15:00:00+00:00 [queued]>
[2024-12-01T11:30:07.118+0000] {taskinstance.py:1279} INFO - 
--------------------------------------------------------------------------------
[2024-12-01T11:30:07.118+0000] {taskinstance.py:1280} INFO - Starting attempt 1 of 2
[2024-12-01T11:30:07.119+0000] {taskinstance.py:1281} INFO - 
--------------------------------------------------------------------------------
[2024-12-01T11:30:07.134+0000] {taskinstance.py:1300} INFO - Executing <Task(BashOperator): welcome> on 2022-11-09 15:00:00+00:00
[2024-12-01T11:30:07.142+0000] {standard_task_runner.py:55} INFO - Started process 560 to run task
[2024-12-01T11:30:07.145+0000] {standard_task_runner.py:82} INFO - Running: ['***', 'tasks', 'run', 'car_price_prediction', 'welcome', 'scheduled__2022-11-09T15:00:00+00:00', '--job-id', '569', '--raw', '--subdir', 'DAGS_FOLDER/hw_dag.py', '--cfg-path', '/tmp/tmpqzpj_c68']
[2024-12-01T11:30:07.146+0000] {standard_task_runner.py:83} INFO - Job 569: Subtask welcome
[2024-12-01T11:30:07.218+0000] {task_command.py:388} INFO - Running <TaskInstance: car_price_prediction.welcome scheduled__2022-11-09T15:00:00+00:00 [running]> on host 88c3fb750b90
[2024-12-01T11:30:07.306+0000] {taskinstance.py:1509} INFO - Exporting the following env vars:
AIRFLOW_CTX_DAG_OWNER=***
AIRFLOW_CTX_DAG_ID=car_price_prediction
AIRFLOW_CTX_TASK_ID=welcome
AIRFLOW_CTX_EXECUTION_DATE=2022-11-09T15:00:00+00:00
AIRFLOW_CTX_TRY_NUMBER=1
AIRFLOW_CTX_DAG_RUN_ID=scheduled__2022-11-09T15:00:00+00:00
[2024-12-01T11:30:07.307+0000] {subprocess.py:63} INFO - Tmp dir root location: 
 /tmp
[2024-12-01T11:30:07.309+0000] {subprocess.py:75} INFO - Running command: ['/bin/bash', '-c', 'echo "welcome!"']
[2024-12-01T11:30:07.337+0000] {subprocess.py:86} INFO - Output:
[2024-12-01T11:30:07.339+0000] {subprocess.py:93} INFO - welcome!
[2024-12-01T11:30:07.340+0000] {subprocess.py:97} INFO - Command exited with return code 0
[2024-12-01T11:30:07.376+0000] {taskinstance.py:1323} INFO - Marking task as SUCCESS. dag_id=car_price_prediction, task_id=welcome, execution_date=20221109T150000, start_date=20241201T113007, end_date=20241201T113007
[2024-12-01T11:30:07.438+0000] {local_task_job.py:208} INFO - Task exited with return code 0
[2024-12-01T11:30:07.488+0000] {taskinstance.py:2578} INFO - 1 downstream tasks scheduled from follow-on schedule check
