[2024-12-01T11:34:06.153+0000] {taskinstance.py:1083} INFO - Dependencies all met for <TaskInstance: car_price_prediction.pipeline scheduled__2022-12-07T15:00:00+00:00 [queued]>
[2024-12-01T11:34:06.166+0000] {taskinstance.py:1083} INFO - Dependencies all met for <TaskInstance: car_price_prediction.pipeline scheduled__2022-12-07T15:00:00+00:00 [queued]>
[2024-12-01T11:34:06.167+0000] {taskinstance.py:1279} INFO - 
--------------------------------------------------------------------------------
[2024-12-01T11:34:06.168+0000] {taskinstance.py:1280} INFO - Starting attempt 1 of 2
[2024-12-01T11:34:06.168+0000] {taskinstance.py:1281} INFO - 
--------------------------------------------------------------------------------
[2024-12-01T11:34:06.187+0000] {taskinstance.py:1300} INFO - Executing <Task(PythonOperator): pipeline> on 2022-12-07 15:00:00+00:00
[2024-12-01T11:34:06.197+0000] {standard_task_runner.py:55} INFO - Started process 1370 to run task
[2024-12-01T11:34:06.204+0000] {standard_task_runner.py:82} INFO - Running: ['***', 'tasks', 'run', 'car_price_prediction', 'pipeline', 'scheduled__2022-12-07T15:00:00+00:00', '--job-id', '698', '--raw', '--subdir', 'DAGS_FOLDER/hw_dag.py', '--cfg-path', '/tmp/tmplqcagc5l']
[2024-12-01T11:34:06.207+0000] {standard_task_runner.py:83} INFO - Job 698: Subtask pipeline
[2024-12-01T11:34:06.338+0000] {task_command.py:388} INFO - Running <TaskInstance: car_price_prediction.pipeline scheduled__2022-12-07T15:00:00+00:00 [running]> on host 88c3fb750b90
[2024-12-01T11:34:06.484+0000] {taskinstance.py:1509} INFO - Exporting the following env vars:
AIRFLOW_CTX_DAG_OWNER=***
AIRFLOW_CTX_DAG_ID=car_price_prediction
AIRFLOW_CTX_TASK_ID=pipeline
AIRFLOW_CTX_EXECUTION_DATE=2022-12-07T15:00:00+00:00
AIRFLOW_CTX_TRY_NUMBER=1
AIRFLOW_CTX_DAG_RUN_ID=scheduled__2022-12-07T15:00:00+00:00
[2024-12-01T11:34:08.442+0000] {pipeline.py:116} INFO - model: LogisticRegression, acc_mean: 0.7591, acc_std: 0.0075
[2024-12-01T11:34:27.035+0000] {pipeline.py:116} INFO - model: RandomForestClassifier, acc_mean: 0.7761, acc_std: 0.0036
[2024-12-01T11:34:42.319+0000] {pipeline.py:116} INFO - model: SVC, acc_mean: 0.7871, acc_std: 0.0042
[2024-12-01T11:34:42.321+0000] {pipeline.py:121} INFO - best model: SVC, accuracy: 0.7871
