[2024-12-01T11:19:06.965+0000] {taskinstance.py:1083} INFO - Dependencies all met for <TaskInstance: car_price_prediction.welcome scheduled__2022-08-22T15:00:00+00:00 [queued]>
[2024-12-01T11:19:06.974+0000] {taskinstance.py:1083} INFO - Dependencies all met for <TaskInstance: car_price_prediction.welcome scheduled__2022-08-22T15:00:00+00:00 [queued]>
[2024-12-01T11:19:06.975+0000] {taskinstance.py:1279} INFO - 
--------------------------------------------------------------------------------
[2024-12-01T11:19:06.975+0000] {taskinstance.py:1280} INFO - Starting attempt 1 of 2
[2024-12-01T11:19:06.976+0000] {taskinstance.py:1281} INFO - 
--------------------------------------------------------------------------------
[2024-12-01T11:19:06.990+0000] {taskinstance.py:1300} INFO - Executing <Task(BashOperator): welcome> on 2022-08-22 15:00:00+00:00
[2024-12-01T11:19:06.997+0000] {standard_task_runner.py:55} INFO - Started process 167 to run task
[2024-12-01T11:19:06.999+0000] {standard_task_runner.py:82} INFO - Running: ['***', 'tasks', 'run', 'car_price_prediction', 'welcome', 'scheduled__2022-08-22T15:00:00+00:00', '--job-id', '271', '--raw', '--subdir', 'DAGS_FOLDER/hw_dag.py', '--cfg-path', '/tmp/tmpw1fd59v0']
[2024-12-01T11:19:07.001+0000] {standard_task_runner.py:83} INFO - Job 271: Subtask welcome
[2024-12-01T11:19:07.076+0000] {task_command.py:388} INFO - Running <TaskInstance: car_price_prediction.welcome scheduled__2022-08-22T15:00:00+00:00 [running]> on host 88c3fb750b90
[2024-12-01T11:19:07.171+0000] {taskinstance.py:1509} INFO - Exporting the following env vars:
AIRFLOW_CTX_DAG_OWNER=***
AIRFLOW_CTX_DAG_ID=car_price_prediction
AIRFLOW_CTX_TASK_ID=welcome
AIRFLOW_CTX_EXECUTION_DATE=2022-08-22T15:00:00+00:00
AIRFLOW_CTX_TRY_NUMBER=1
AIRFLOW_CTX_DAG_RUN_ID=scheduled__2022-08-22T15:00:00+00:00
[2024-12-01T11:19:07.173+0000] {subprocess.py:63} INFO - Tmp dir root location: 
 /tmp
[2024-12-01T11:19:07.175+0000] {subprocess.py:75} INFO - Running command: ['/bin/bash', '-c', 'echo "welcome!"']
[2024-12-01T11:19:07.191+0000] {subprocess.py:86} INFO - Output:
[2024-12-01T11:19:07.202+0000] {subprocess.py:93} INFO - welcome!
[2024-12-01T11:19:07.203+0000] {subprocess.py:97} INFO - Command exited with return code 0
[2024-12-01T11:19:07.240+0000] {taskinstance.py:1323} INFO - Marking task as SUCCESS. dag_id=car_price_prediction, task_id=welcome, execution_date=20220822T150000, start_date=20241201T111906, end_date=20241201T111907
[2024-12-01T11:19:07.294+0000] {local_task_job.py:208} INFO - Task exited with return code 0
[2024-12-01T11:19:07.450+0000] {taskinstance.py:2578} INFO - 0 downstream tasks scheduled from follow-on schedule check
