[2024-12-01T11:21:43.315+0000] {taskinstance.py:1083} INFO - Dependencies all met for <TaskInstance: car_price_prediction.pipeline scheduled__2022-09-17T15:00:00+00:00 [queued]>
[2024-12-01T11:21:43.341+0000] {taskinstance.py:1083} INFO - Dependencies all met for <TaskInstance: car_price_prediction.pipeline scheduled__2022-09-17T15:00:00+00:00 [queued]>
[2024-12-01T11:21:43.342+0000] {taskinstance.py:1279} INFO - 
--------------------------------------------------------------------------------
[2024-12-01T11:21:43.342+0000] {taskinstance.py:1280} INFO - Starting attempt 1 of 2
[2024-12-01T11:21:43.342+0000] {taskinstance.py:1281} INFO - 
--------------------------------------------------------------------------------
[2024-12-01T11:21:43.377+0000] {taskinstance.py:1300} INFO - Executing <Task(PythonOperator): pipeline> on 2022-09-17 15:00:00+00:00
[2024-12-01T11:21:43.398+0000] {standard_task_runner.py:55} INFO - Started process 673 to run task
[2024-12-01T11:21:43.419+0000] {standard_task_runner.py:82} INFO - Running: ['***', 'tasks', 'run', 'car_price_prediction', 'pipeline', 'scheduled__2022-09-17T15:00:00+00:00', '--job-id', '361', '--raw', '--subdir', 'DAGS_FOLDER/hw_dag.py', '--cfg-path', '/tmp/tmpddgvghb9']
[2024-12-01T11:21:43.421+0000] {standard_task_runner.py:83} INFO - Job 361: Subtask pipeline
[2024-12-01T11:21:43.545+0000] {task_command.py:388} INFO - Running <TaskInstance: car_price_prediction.pipeline scheduled__2022-09-17T15:00:00+00:00 [running]> on host 88c3fb750b90
[2024-12-01T11:21:43.746+0000] {taskinstance.py:1509} INFO - Exporting the following env vars:
AIRFLOW_CTX_DAG_OWNER=***
AIRFLOW_CTX_DAG_ID=car_price_prediction
AIRFLOW_CTX_TASK_ID=pipeline
AIRFLOW_CTX_EXECUTION_DATE=2022-09-17T15:00:00+00:00
AIRFLOW_CTX_TRY_NUMBER=1
AIRFLOW_CTX_DAG_RUN_ID=scheduled__2022-09-17T15:00:00+00:00
[2024-12-01T11:21:46.002+0000] {pipeline.py:116} INFO - model: LogisticRegression, acc_mean: 0.7591, acc_std: 0.0075
[2024-12-01T11:22:10.437+0000] {pipeline.py:116} INFO - model: RandomForestClassifier, acc_mean: 0.7775, acc_std: 0.0026
[2024-12-01T11:22:19.520+0000] {pipeline.py:116} INFO - model: SVC, acc_mean: 0.7871, acc_std: 0.0042
[2024-12-01T11:22:19.521+0000] {pipeline.py:121} INFO - best model: SVC, accuracy: 0.7871
[2024-12-01T11:22:21.907+0000] {pipeline.py:129} INFO - Model is saved as /opt/***/data/models/cars_pipe_202412011122.pkl
[2024-12-01T11:22:21.909+0000] {python.py:177} INFO - Done. Returned value was: None
[2024-12-01T11:22:21.916+0000] {taskinstance.py:1323} INFO - Marking task as SUCCESS. dag_id=car_price_prediction, task_id=pipeline, execution_date=20220917T150000, start_date=20241201T112143, end_date=20241201T112221
[2024-12-01T11:22:21.943+0000] {local_task_job.py:208} INFO - Task exited with return code 0
[2024-12-01T11:22:21.966+0000] {taskinstance.py:2578} INFO - 1 downstream tasks scheduled from follow-on schedule check
