[2024-12-01T11:10:54.215+0000] {taskinstance.py:1083} INFO - Dependencies all met for <TaskInstance: car_price_prediction.pipeline scheduled__2022-07-07T15:00:00+00:00 [queued]>
[2024-12-01T11:10:54.224+0000] {taskinstance.py:1083} INFO - Dependencies all met for <TaskInstance: car_price_prediction.pipeline scheduled__2022-07-07T15:00:00+00:00 [queued]>
[2024-12-01T11:10:54.224+0000] {taskinstance.py:1279} INFO - 
--------------------------------------------------------------------------------
[2024-12-01T11:10:54.225+0000] {taskinstance.py:1280} INFO - Starting attempt 1 of 2
[2024-12-01T11:10:54.225+0000] {taskinstance.py:1281} INFO - 
--------------------------------------------------------------------------------
[2024-12-01T11:10:54.241+0000] {taskinstance.py:1300} INFO - Executing <Task(PythonOperator): pipeline> on 2022-07-07 15:00:00+00:00
[2024-12-01T11:10:54.247+0000] {standard_task_runner.py:55} INFO - Started process 1426 to run task
[2024-12-01T11:10:54.249+0000] {standard_task_runner.py:82} INFO - Running: ['***', 'tasks', 'run', 'car_price_prediction', 'pipeline', 'scheduled__2022-07-07T15:00:00+00:00', '--job-id', '104', '--raw', '--subdir', 'DAGS_FOLDER/hw_dag.py', '--cfg-path', '/tmp/tmpncg20k82']
[2024-12-01T11:10:54.251+0000] {standard_task_runner.py:83} INFO - Job 104: Subtask pipeline
[2024-12-01T11:10:54.318+0000] {task_command.py:388} INFO - Running <TaskInstance: car_price_prediction.pipeline scheduled__2022-07-07T15:00:00+00:00 [running]> on host 88c3fb750b90
[2024-12-01T11:10:54.390+0000] {taskinstance.py:1509} INFO - Exporting the following env vars:
AIRFLOW_CTX_DAG_OWNER=***
AIRFLOW_CTX_DAG_ID=car_price_prediction
AIRFLOW_CTX_TASK_ID=pipeline
AIRFLOW_CTX_EXECUTION_DATE=2022-07-07T15:00:00+00:00
AIRFLOW_CTX_TRY_NUMBER=1
AIRFLOW_CTX_DAG_RUN_ID=scheduled__2022-07-07T15:00:00+00:00
[2024-12-01T11:10:55.749+0000] {pipeline.py:116} INFO - model: LogisticRegression, acc_mean: 0.7591, acc_std: 0.0075
[2024-12-01T11:11:12.044+0000] {pipeline.py:116} INFO - model: RandomForestClassifier, acc_mean: 0.7781, acc_std: 0.0048
[2024-12-01T11:11:23.538+0000] {pipeline.py:116} INFO - model: SVC, acc_mean: 0.7871, acc_std: 0.0042
[2024-12-01T11:11:23.539+0000] {pipeline.py:121} INFO - best model: SVC, accuracy: 0.7871
[2024-12-01T11:11:26.053+0000] {pipeline.py:129} INFO - Model is saved as /opt/***/data/models/cars_pipe_202412011111.pkl
[2024-12-01T11:11:26.055+0000] {python.py:177} INFO - Done. Returned value was: None
[2024-12-01T11:11:26.061+0000] {taskinstance.py:1323} INFO - Marking task as SUCCESS. dag_id=car_price_prediction, task_id=pipeline, execution_date=20220707T150000, start_date=20241201T111054, end_date=20241201T111126
[2024-12-01T11:11:26.108+0000] {local_task_job.py:208} INFO - Task exited with return code 0
[2024-12-01T11:11:26.120+0000] {taskinstance.py:2578} INFO - 1 downstream tasks scheduled from follow-on schedule check
