[2024-12-01T12:35:36.389+0000] {taskinstance.py:1083} INFO - Dependencies all met for <TaskInstance: car_price_prediction.pipeline scheduled__2023-02-25T15:00:00+00:00 [queued]>
[2024-12-01T12:35:36.404+0000] {taskinstance.py:1083} INFO - Dependencies all met for <TaskInstance: car_price_prediction.pipeline scheduled__2023-02-25T15:00:00+00:00 [queued]>
[2024-12-01T12:35:36.405+0000] {taskinstance.py:1279} INFO - 
--------------------------------------------------------------------------------
[2024-12-01T12:35:36.405+0000] {taskinstance.py:1280} INFO - Starting attempt 1 of 2
[2024-12-01T12:35:36.406+0000] {taskinstance.py:1281} INFO - 
--------------------------------------------------------------------------------
[2024-12-01T12:35:36.426+0000] {taskinstance.py:1300} INFO - Executing <Task(PythonOperator): pipeline> on 2023-02-25 15:00:00+00:00
[2024-12-01T12:35:36.439+0000] {standard_task_runner.py:55} INFO - Started process 692 to run task
[2024-12-01T12:35:36.442+0000] {standard_task_runner.py:82} INFO - Running: ['***', 'tasks', 'run', 'car_price_prediction', 'pipeline', 'scheduled__2023-02-25T15:00:00+00:00', '--job-id', '987', '--raw', '--subdir', 'DAGS_FOLDER/hw_dag.py', '--cfg-path', '/tmp/tmp4s7diy8h']
[2024-12-01T12:35:36.445+0000] {standard_task_runner.py:83} INFO - Job 987: Subtask pipeline
[2024-12-01T12:35:36.523+0000] {task_command.py:388} INFO - Running <TaskInstance: car_price_prediction.pipeline scheduled__2023-02-25T15:00:00+00:00 [running]> on host 044f1589013e
[2024-12-01T12:35:36.629+0000] {taskinstance.py:1509} INFO - Exporting the following env vars:
AIRFLOW_CTX_DAG_OWNER=***
AIRFLOW_CTX_DAG_ID=car_price_prediction
AIRFLOW_CTX_TASK_ID=pipeline
AIRFLOW_CTX_EXECUTION_DATE=2023-02-25T15:00:00+00:00
AIRFLOW_CTX_TRY_NUMBER=1
AIRFLOW_CTX_DAG_RUN_ID=scheduled__2023-02-25T15:00:00+00:00
[2024-12-01T12:35:38.070+0000] {pipeline.py:116} INFO - model: LogisticRegression, acc_mean: 0.7591, acc_std: 0.0075
