[2024-12-01T12:34:05.769+0000] {taskinstance.py:1083} INFO - Dependencies all met for <TaskInstance: car_price_prediction.pipeline scheduled__2023-02-18T15:00:00+00:00 [queued]>
[2024-12-01T12:34:05.798+0000] {taskinstance.py:1083} INFO - Dependencies all met for <TaskInstance: car_price_prediction.pipeline scheduled__2023-02-18T15:00:00+00:00 [queued]>
[2024-12-01T12:34:05.799+0000] {taskinstance.py:1279} INFO - 
--------------------------------------------------------------------------------
[2024-12-01T12:34:05.800+0000] {taskinstance.py:1280} INFO - Starting attempt 1 of 2
[2024-12-01T12:34:05.801+0000] {taskinstance.py:1281} INFO - 
--------------------------------------------------------------------------------
[2024-12-01T12:34:05.855+0000] {taskinstance.py:1300} INFO - Executing <Task(PythonOperator): pipeline> on 2023-02-18 15:00:00+00:00
[2024-12-01T12:34:05.870+0000] {standard_task_runner.py:55} INFO - Started process 407 to run task
[2024-12-01T12:34:05.877+0000] {standard_task_runner.py:82} INFO - Running: ['***', 'tasks', 'run', 'car_price_prediction', 'pipeline', 'scheduled__2023-02-18T15:00:00+00:00', '--job-id', '943', '--raw', '--subdir', 'DAGS_FOLDER/hw_dag.py', '--cfg-path', '/tmp/tmp02patisz']
[2024-12-01T12:34:05.879+0000] {standard_task_runner.py:83} INFO - Job 943: Subtask pipeline
[2024-12-01T12:34:06.088+0000] {task_command.py:388} INFO - Running <TaskInstance: car_price_prediction.pipeline scheduled__2023-02-18T15:00:00+00:00 [running]> on host 044f1589013e
[2024-12-01T12:34:06.231+0000] {taskinstance.py:1509} INFO - Exporting the following env vars:
AIRFLOW_CTX_DAG_OWNER=***
AIRFLOW_CTX_DAG_ID=car_price_prediction
AIRFLOW_CTX_TASK_ID=pipeline
AIRFLOW_CTX_EXECUTION_DATE=2023-02-18T15:00:00+00:00
AIRFLOW_CTX_TRY_NUMBER=1
AIRFLOW_CTX_DAG_RUN_ID=scheduled__2023-02-18T15:00:00+00:00
[2024-12-01T12:34:08.551+0000] {pipeline.py:116} INFO - model: LogisticRegression, acc_mean: 0.7591, acc_std: 0.0075
[2024-12-01T12:34:25.350+0000] {pipeline.py:116} INFO - model: RandomForestClassifier, acc_mean: 0.7791, acc_std: 0.0033
[2024-12-01T12:34:34.624+0000] {pipeline.py:116} INFO - model: SVC, acc_mean: 0.7871, acc_std: 0.0042
[2024-12-01T12:34:34.625+0000] {pipeline.py:121} INFO - best model: SVC, accuracy: 0.7871
[2024-12-01T12:34:37.992+0000] {pipeline.py:129} INFO - Model is saved as /opt/***/data/models/cars_pipe_202412011234.pkl
[2024-12-01T12:34:37.994+0000] {python.py:177} INFO - Done. Returned value was: None
[2024-12-01T12:34:38.004+0000] {taskinstance.py:1323} INFO - Marking task as SUCCESS. dag_id=car_price_prediction, task_id=pipeline, execution_date=20230218T150000, start_date=20241201T123405, end_date=20241201T123438
[2024-12-01T12:34:38.063+0000] {local_task_job.py:208} INFO - Task exited with return code 0
[2024-12-01T12:34:38.086+0000] {taskinstance.py:2578} INFO - 1 downstream tasks scheduled from follow-on schedule check
